<?xml version="1.0" encoding="utf-8" standalone="no"?>
<!--This file represents the results of running a test suite-->
<test-results name="FirebirdSql.Data.Firebird_test_net_1_1.dll" total="146" failures="146" not-run="2" date="2009-05-02" time="08:38:07">
  <environment nunit-version="2.4.8.0" clr-version="1.1.4322.2032" os-version="Unix 2.6.18.8" platform="128" cwd="/.root0/local/home/ykiruha/optimized-mono/mcs/class/FirebirdSql.Data.Firebird" machine-name="sca-m0n8.scsystem" user="ykiruha" user-domain="sca-m0n8.scsystem" />
  <culture-info current-culture="" current-uiculture="" />
  <test-suite name="FirebirdSql.Data.Firebird_test_net_1_1.dll" success="False" time="80.799" asserts="0">
    <results>
      <test-suite name="FirebirdSql" success="False" time="80.396" asserts="0">
        <results>
          <test-suite name="Data" success="False" time="79.969" asserts="0">
            <results>
              <test-suite name="Firebird" success="False" time="79.587" asserts="0">
                <results>
                  <test-suite name="Tests" success="False" time="79.570" asserts="0">
                    <results>
                      <test-suite name="FbArrayTest" success="False" time="12.794" asserts="0">
                        <results>
                          <test-case name="FirebirdSql.Data.Firebird.Tests.FbArrayTest.BigArrayTest" executed="True" success="False" time="0.114" asserts="0">
                            <failure>
                              <message><![CDATA[System.ArgumentNullException : Argument cannot be null.
Parameter name: s
TearDown : System.Reflection.TargetInvocationException : Exception has been thrown by the target of an invocation.
  ----> System.NullReferenceException : Object reference not set to an instance of an object]]></message>
                              <stack-trace><![CDATA[at System.Int32.Parse (System.String s) [0x00014] in /.root0/local/home/ykiruha/optimized-mono/mcs/class/corlib/System/Int32.cs:588
at FirebirdSql.Data.Firebird.Tests.BaseTest.BuildConnectionString (Boolean pooling) [0x0005a] in /.root0/local/home/ykiruha/optimized-mono/mcs/class/FirebirdSql.Data.Firebird/Test/BaseTest.cs:383
at FirebirdSql.Data.Firebird.Tests.BaseTest.BuildConnectionString () [0x00000] in /.root0/local/home/ykiruha/optimized-mono/mcs/class/FirebirdSql.Data.Firebird/Test/BaseTest.cs:372
at FirebirdSql.Data.Firebird.Tests.BaseTest.SetUp () [0x00000]
at (wrapper managed-to-native) System.Reflection.MonoMethod:InternalInvoke (object,object[],System.Exception&)
at System.Reflection.MonoMethod.Invoke (System.Object obj, BindingFlags invokeAttr, System.Reflection.Binder binder, System.Object[] parameters, System.Globalization.CultureInfo culture) [0x000b4] in /.root0/local/home/ykiruha/optimized-mono/mcs/class/corlib/System.Reflection/MonoMethod.cs:169
--TearDown
at System.Reflection.MonoMethod.Invoke (System.Object obj, BindingFlags invokeAttr, System.Reflection.Binder binder, System.Object[] parameters, System.Globalization.CultureInfo culture) [0x000c7] in /.root0/local/home/ykiruha/optimized-mono/mcs/class/corlib/System.Reflection/MonoMethod.cs:179
at System.Reflection.MethodBase.Invoke (System.Object obj, System.Object[] parameters) [0x00000] in /.root0/local/home/ykiruha/optimized-mono/mcs/class/corlib/System.Reflection/MethodBase.cs:111
--NullReferenceException
at FirebirdSql.Data.Firebird.Tests.BaseTest.TearDown () [0x00021] in /.root0/local/home/ykiruha/optimized-mono/mcs/class/FirebirdSql.Data.Firebird/Test/BaseTest.cs:102
at (wrapper managed-to-native) System.Reflection.MonoMethod:InternalInvoke (object,object[],System.Exception&)
at System.Reflection.MonoMethod.Invoke (System.Object obj, BindingFlags invokeAttr, System.Reflection.Binder binder, System.Object[] parameters, System.Globalization.CultureInfo culture) [0x000b4] in /.root0/local/home/ykiruha/optimized-mono/mcs/class/corlib/System.Reflection/MonoMethod.cs:169
]]></stack-trace>
                            </failure>
                          </test-case>
                          <test-case name="FirebirdSql.Data.Firebird.Tests.FbArrayTest.BigIntArrayPartialUpdateTest" executed="True" success="False" time="0.005" asserts="0">
                            <failure>
                              <message><![CDATA[System.ArgumentNullException : Argument cannot be null.
Parameter name: s
TearDown : System.Reflection.TargetInvocationException : Exception has been thrown by the target of an invocation.
  ----> System.NullReferenceException : Object reference not set to an instance of an object]]></message>
                              <stack-trace><![CDATA[at System.Int32.Parse (System.String s) [0x00014] in /.root0/local/home/ykiruha/optimized-mono/mcs/class/corlib/System/Int32.cs:588
at FirebirdSql.Data.Firebird.Tests.BaseTest.BuildConnectionString (Boolean pooling) [0x0005a] in /.root0/local/home/ykiruha/optimized-mono/mcs/class/FirebirdSql.Data.Firebird/Test/BaseTest.cs:383
at FirebirdSql.Data.Firebird.Tests.BaseTest.BuildConnectionString () [0x00000] in /.root0/local/home/ykiruha/optimized-mono/mcs/class/FirebirdSql.Data.Firebird/Test/BaseTest.cs:372
at FirebirdSql.Data.Firebird.Tests.BaseTest.SetUp () [0x00000]
at (wrapper managed-to-native) System.Reflection.MonoMethod:InternalInvoke (object,object[],System.Exception&)
at System.Reflection.MonoMethod.Invoke (System.Object obj, BindingFlags invokeAttr, System.Reflection.Binder binder, System.Object[] parameters, System.Globalization.CultureInfo culture) [0x000b4] in /.root0/local/home/ykiruha/optimized-mono/mcs/class/corlib/System.Reflection/MonoMethod.cs:169
--TearDown
at System.Reflection.MonoMethod.Invoke (System.Object obj, BindingFlags invokeAttr, System.Reflection.Binder binder, System.Object[] parameters, System.Globalization.CultureInfo culture) [0x000c7] in /.root0/local/home/ykiruha/optimized-mono/mcs/class/corlib/System.Reflection/MonoMethod.cs:179
at System.Reflection.MethodBase.Invoke (System.Object obj, System.Object[] parameters) [0x00000] in /.root0/local/home/ykiruha/optimized-mono/mcs/class/corlib/System.Reflection/MethodBase.cs:111
--NullReferenceException
at FirebirdSql.Data.Firebird.Tests.BaseTest.TearDown () [0x00021] in /.root0/local/home/ykiruha/optimized-mono/mcs/class/FirebirdSql.Data.Firebird/Test/BaseTest.cs:102
at (wrapper managed-to-native) System.Reflection.MonoMethod:InternalInvoke (object,object[],System.Exception&)
at System.Reflection.MonoMethod.Invoke (System.Object obj, BindingFlags invokeAttr, System.Reflection.Binder binder, System.Object[] parameters, System.Globalization.CultureInfo culture) [0x000b4] in /.root0/local/home/ykiruha/optimized-mono/mcs/class/corlib/System.Reflection/MonoMethod.cs:169
]]></stack-trace>
                            </failure>
                          </test-case>
                          <test-case name="FirebirdSql.Data.Firebird.Tests.FbArrayTest.BigIntArrayTest" executed="True" success="False" time="0.005" asserts="0">
                            <failure>
                              <message><![CDATA[System.ArgumentNullException : Argument cannot be null.
Parameter name: s
TearDown : System.Reflection.TargetInvocationException : Exception has been thrown by the target of an invocation.
  ----> System.NullReferenceException : Object reference not set to an instance of an object]]></message>
                              <stack-trace><![CDATA[at System.Int32.Parse (System.String s) [0x00014] in /.root0/local/home/ykiruha/optimized-mono/mcs/class/corlib/System/Int32.cs:588
at FirebirdSql.Data.Firebird.Tests.BaseTest.BuildConnectionString (Boolean pooling) [0x0005a] in /.root0/local/home/ykiruha/optimized-mono/mcs/class/FirebirdSql.Data.Firebird/Test/BaseTest.cs:383
at FirebirdSql.Data.Firebird.Tests.BaseTest.BuildConnectionString () [0x00000] in /.root0/local/home/ykiruha/optimized-mono/mcs/class/FirebirdSql.Data.Firebird/Test/BaseTest.cs:372
at FirebirdSql.Data.Firebird.Tests.BaseTest.SetUp () [0x00000]
at (wrapper managed-to-native) System.Reflection.MonoMethod:InternalInvoke (object,object[],System.Exception&)
at System.Reflection.MonoMethod.Invoke (System.Object obj, BindingFlags invokeAttr, System.Reflection.Binder binder, System.Object[] parameters, System.Globalization.CultureInfo culture) [0x000b4] in /.root0/local/home/ykiruha/optimized-mono/mcs/class/corlib/System.Reflection/MonoMethod.cs:169
--TearDown
at System.Reflection.MonoMethod.Invoke (System.Object obj, BindingFlags invokeAttr, System.Reflection.Binder binder, System.Object[] parameters, System.Globalization.CultureInfo culture) [0x000c7] in /.root0/local/home/ykiruha/optimized-mono/mcs/class/corlib/System.Reflection/MonoMethod.cs:179
at System.Reflection.MethodBase.Invoke (System.Object obj, System.Object[] parameters) [0x00000] in /.root0/local/home/ykiruha/optimized-mono/mcs/class/corlib/System.Reflection/MethodBase.cs:111
--NullReferenceException
at FirebirdSql.Data.Firebird.Tests.BaseTest.TearDown () [0x00021] in /.root0/local/home/ykiruha/optimized-mono/mcs/class/FirebirdSql.Data.Firebird/Test/BaseTest.cs:102
at (wrapper managed-to-native) System.Reflection.MonoMethod:InternalInvoke (object,object[],System.Exception&)
at System.Reflection.MonoMethod.Invoke (System.Object obj, BindingFlags invokeAttr, System.Reflection.Binder binder, System.Object[] parameters, System.Globalization.CultureInfo culture) [0x000b4] in /.root0/local/home/ykiruha/optimized-mono/mcs/class/corlib/System.Reflection/MonoMethod.cs:169
]]></stack-trace>
                            </failure>
                          </test-case>
                          <test-case name="FirebirdSql.Data.Firebird.Tests.FbArrayTest.CharArrayPartialUpdateTest" executed="True" success="False" time="0.006" asserts="0">
                            <failure>
                              <message><![CDATA[System.ArgumentNullException : Argument cannot be null.
Parameter name: s
TearDown : System.Reflection.TargetInvocationException : Exception has been thrown by the target of an invocation.
  ----> System.NullReferenceException : Object reference not set to an instance of an object]]></message>
                              <stack-trace><![CDATA[at System.Int32.Parse (System.String s) [0x00014] in /.root0/local/home/ykiruha/optimized-mono/mcs/class/corlib/System/Int32.cs:588
at FirebirdSql.Data.Firebird.Tests.BaseTest.BuildConnectionString (Boolean pooling) [0x0005a] in /.root0/local/home/ykiruha/optimized-mono/mcs/class/FirebirdSql.Data.Firebird/Test/BaseTest.cs:383
at FirebirdSql.Data.Firebird.Tests.BaseTest.BuildConnectionString () [0x00000] in /.root0/local/home/ykiruha/optimized-mono/mcs/class/FirebirdSql.Data.Firebird/Test/BaseTest.cs:372
at FirebirdSql.Data.Firebird.Tests.BaseTest.SetUp () [0x00000]
at (wrapper managed-to-native) System.Reflection.MonoMethod:InternalInvoke (object,object[],System.Exception&)
at System.Reflection.MonoMethod.Invoke (System.Object obj, BindingFlags invokeAttr, System.Reflection.Binder binder, System.Object[] parameters, System.Globalization.CultureInfo culture) [0x000b4] in /.root0/local/home/ykiruha/optimized-mono/mcs/class/corlib/System.Reflection/MonoMethod.cs:169
--TearDown
at System.Reflection.MonoMethod.Invoke (System.Object obj, BindingFlags invokeAttr, System.Reflection.Binder binder, System.Object[] parameters, System.Globalization.CultureInfo culture) [0x000c7] in /.root0/local/home/ykiruha/optimized-mono/mcs/class/corlib/System.Reflection/MonoMethod.cs:179
at System.Reflection.MethodBase.Invoke (System.Object obj, System.Object[] parameters) [0x00000] in /.root0/local/home/ykiruha/optimized-mono/mcs/class/corlib/System.Reflection/MethodBase.cs:111
--NullReferenceException
at FirebirdSql.Data.Firebird.Tests.BaseTest.TearDown () [0x00021] in /.root0/local/home/ykiruha/optimized-mono/mcs/class/FirebirdSql.Data.Firebird/Test/BaseTest.cs:102
at (wrapper managed-to-native) System.Reflection.MonoMethod:InternalInvoke (object,object[],System.Exception&)
at System.Reflection.MonoMethod.Invoke (System.Object obj, BindingFlags invokeAttr, System.Reflection.Binder binder, System.Object[] parameters, System.Globalization.CultureInfo culture) [0x000b4] in /.root0/local/home/ykiruha/optimized-mono/mcs/class/corlib/System.Reflection/MonoMethod.cs:169
]]></stack-trace>
                            </failure>
                          </test-case>
                          <test-case name="FirebirdSql.Data.Firebird.Tests.FbArrayTest.CharArrayTest" executed="True" success="False" time="0.005" asserts="0">
                            <failure>
                              <message><![CDATA[System.ArgumentNullException : Argument cannot be null.
Parameter name: s
TearDown : System.Reflection.TargetInvocationException : Exception has been thrown by the target of an invocation.
  ----> System.NullReferenceException : Object reference not set to an instance of an object]]></message>
                              <stack-trace><![CDATA[at System.Int32.Parse (System.String s) [0x00014] in /.root0/local/home/ykiruha/optimized-mono/mcs/class/corlib/System/Int32.cs:588
at FirebirdSql.Data.Firebird.Tests.BaseTest.BuildConnectionString (Boolean pooling) [0x0005a] in /.root0/local/home/ykiruha/optimized-mono/mcs/class/FirebirdSql.Data.Firebird/Test/BaseTest.cs:383
at FirebirdSql.Data.Firebird.Tests.BaseTest.BuildConnectionString () [0x00000] in /.root0/local/home/ykiruha/optimized-mono/mcs/class/FirebirdSql.Data.Firebird/Test/BaseTest.cs:372
at FirebirdSql.Data.Firebird.Tests.BaseTest.SetUp () [0x00000]
at (wrapper managed-to-native) System.Reflection.MonoMethod:InternalInvoke (object,object[],System.Exception&)
at System.Reflection.MonoMethod.Invoke (System.Object obj, BindingFlags invokeAttr, System.Reflection.Binder binder, System.Object[] parameters, System.Globalization.CultureInfo culture) [0x000b4] in /.root0/local/home/ykiruha/optimized-mono/mcs/class/corlib/System.Reflection/MonoMethod.cs:169
--TearDown
at System.Reflection.MonoMethod.Invoke (System.Object obj, BindingFlags invokeAttr, System.Reflection.Binder binder, System.Object[] parameters, System.Globalization.CultureInfo culture) [0x000c7] in /.root0/local/home/ykiruha/optimized-mono/mcs/class/corlib/System.Reflection/MonoMethod.cs:179
at System.Reflection.MethodBase.Invoke (System.Object obj, System.Object[] parameters) [0x00000] in /.root0/local/home/ykiruha/optimized-mono/mcs/class/corlib/System.Reflection/MethodBase.cs:111
--NullReferenceException
at FirebirdSql.Data.Firebird.Tests.BaseTest.TearDown () [0x00021] in /.root0/local/home/ykiruha/optimized-mono/mcs/class/FirebirdSql.Data.Firebird/Test/BaseTest.cs:102
at (wrapper managed-to-native) System.Reflection.MonoMethod:InternalInvoke (object,object[],System.Exception&)
at System.Reflection.MonoMethod.Invoke (System.Object obj, BindingFlags invokeAttr, System.Reflection.Binder binder, System.Object[] parameters, System.Globalization.CultureInfo culture) [0x000b4] in /.root0/local/home/ykiruha/optimized-mono/mcs/class/corlib/System.Reflection/MonoMethod.cs:169
]]></stack-trace>
                            </failure>
                          </test-case>
                          <test-case name="FirebirdSql.Data.Firebird.Tests.FbArrayTest.DateArrayPartialUpdateTest" executed="True" success="False" time="0.005" asserts="0">
                            <failure>
                              <message><![CDATA[System.ArgumentNullException : Argument cannot be null.
Parameter name: s
TearDown : System.Reflection.TargetInvocationException : Exception has been thrown by the target of an invocation.
  ----> System.NullReferenceException : Object reference not set to an instance of an object]]></message>
                              <stack-trace><![CDATA[at System.Int32.Parse (System.String s) [0x00014] in /.root0/local/home/ykiruha/optimized-mono/mcs/class/corlib/System/Int32.cs:588
at FirebirdSql.Data.Firebird.Tests.BaseTest.BuildConnectionString (Boolean pooling) [0x0005a] in /.root0/local/home/ykiruha/optimized-mono/mcs/class/FirebirdSql.Data.Firebird/Test/BaseTest.cs:383
at FirebirdSql.Data.Firebird.Tests.BaseTest.BuildConnectionString () [0x00000] in /.root0/local/home/ykiruha/optimized-mono/mcs/class/FirebirdSql.Data.Firebird/Test/BaseTest.cs:372
at FirebirdSql.Data.Firebird.Tests.BaseTest.SetUp () [0x00000]
at (wrapper managed-to-native) System.Reflection.MonoMethod:InternalInvoke (object,object[],System.Exception&)
at System.Reflection.MonoMethod.Invoke (System.Object obj, BindingFlags invokeAttr, System.Reflection.Binder binder, System.Object[] parameters, System.Globalization.CultureInfo culture) [0x000b4] in /.root0/local/home/ykiruha/optimized-mono/mcs/class/corlib/System.Reflection/MonoMethod.cs:169
--TearDown
at System.Reflection.MonoMethod.Invoke (System.Object obj, BindingFlags invokeAttr, System.Reflection.Binder binder, System.Object[] parameters, System.Globalization.CultureInfo culture) [0x000c7] in /.root0/local/home/ykiruha/optimized-mono/mcs/class/corlib/System.Reflection/MonoMethod.cs:179
at System.Reflection.MethodBase.Invoke (System.Object obj, System.Object[] parameters) [0x00000] in /.root0/local/home/ykiruha/optimized-mono/mcs/class/corlib/System.Reflection/MethodBase.cs:111
--NullReferenceException
at FirebirdSql.Data.Firebird.Tests.BaseTest.TearDown () [0x00021] in /.root0/local/home/ykiruha/optimized-mono/mcs/class/FirebirdSql.Data.Firebird/Test/BaseTest.cs:102
at (wrapper managed-to-native) System.Reflection.MonoMethod:InternalInvoke (object,object[],System.Exception&)
at System.Reflection.MonoMethod.Invoke (System.Object obj, BindingFlags invokeAttr, System.Reflection.Binder binder, System.Object[] parameters, System.Globalization.CultureInfo culture) [0x000b4] in /.root0/local/home/ykiruha/optimized-mono/mcs/class/corlib/System.Reflection/MonoMethod.cs:169
]]></stack-trace>
                            </failure>
                          </test-case>
                          <test-case name="FirebirdSql.Data.Firebird.Tests.FbArrayTest.DateArrayTest" executed="True" success="False" time="0.006" asserts="0">
                            <failure>
                              <message><![CDATA[System.ArgumentNullException : Argument cannot be null.
Parameter name: s
TearDown : System.Reflection.TargetInvocationException : Exception has been thrown by the target of an invocation.
  ----> System.NullReferenceException : Object reference not set to an instance of an object]]></message>
                              <stack-trace><![CDATA[at System.Int32.Parse (System.String s) [0x00014] in /.root0/local/home/ykiruha/optimized-mono/mcs/class/corlib/System/Int32.cs:588
at FirebirdSql.Data.Firebird.Tests.BaseTest.BuildConnectionString (Boolean pooling) [0x0005a] in /.root0/local/home/ykiruha/optimized-mono/mcs/class/FirebirdSql.Data.Firebird/Test/BaseTest.cs:383
at FirebirdSql.Data.Firebird.Tests.BaseTest.BuildConnectionString () [0x00000] in /.root0/local/home/ykiruha/optimized-mono/mcs/class/FirebirdSql.Data.Firebird/Test/BaseTest.cs:372
at FirebirdSql.Data.Firebird.Tests.BaseTest.SetUp () [0x00000]
at (wrapper managed-to-native) System.Reflection.MonoMethod:InternalInvoke (object,object[],System.Exception&)
at System.Reflection.MonoMethod.Invoke (System.Object obj, BindingFlags invokeAttr, System.Reflection.Binder binder, System.Object[] parameters, System.Globalization.CultureInfo culture) [0x000b4] in /.root0/local/home/ykiruha/optimized-mono/mcs/class/corlib/System.Reflection/MonoMethod.cs:169
--TearDown
at System.Reflection.MonoMethod.Invoke (System.Object obj, BindingFlags invokeAttr, System.Reflection.Binder binder, System.Object[] parameters, System.Globalization.CultureInfo culture) [0x000c7] in /.root0/local/home/ykiruha/optimized-mono/mcs/class/corlib/System.Reflection/MonoMethod.cs:179
at System.Reflection.MethodBase.Invoke (System.Object obj, System.Object[] parameters) [0x00000] in /.root0/local/home/ykiruha/optimized-mono/mcs/class/corlib/System.Reflection/MethodBase.cs:111
--NullReferenceException
at FirebirdSql.Data.Firebird.Tests.BaseTest.TearDown () [0x00021] in /.root0/local/home/ykiruha/optimized-mono/mcs/class/FirebirdSql.Data.Firebird/Test/BaseTest.cs:102
at (wrapper managed-to-native) System.Reflection.MonoMethod:InternalInvoke (object,object[],System.Exception&)
at System.Reflection.MonoMethod.Invoke (System.Object obj, BindingFlags invokeAttr, System.Reflection.Binder binder, System.Object[] parameters, System.Globalization.CultureInfo culture) [0x000b4] in /.root0/local/home/ykiruha/optimized-mono/mcs/class/corlib/System.Reflection/MonoMethod.cs:169
]]></stack-trace>
                            </failure>
                          </test-case>
                          <test-case name="FirebirdSql.Data.Firebird.Tests.FbArrayTest.DoubleArrayPartialUpdateTest" executed="True" success="False" time="0.005" asserts="0">
                            <failure>
                              <message><![CDATA[System.ArgumentNullException : Argument cannot be null.
Parameter name: s
TearDown : System.Reflection.TargetInvocationException : Exception has been thrown by the target of an invocation.
  ----> System.NullReferenceException : Object reference not set to an instance of an object]]></message>
                              <stack-trace><![CDATA[at System.Int32.Parse (System.String s) [0x00014] in /.root0/local/home/ykiruha/optimized-mono/mcs/class/corlib/System/Int32.cs:588
at FirebirdSql.Data.Firebird.Tests.BaseTest.BuildConnectionString (Boolean pooling) [0x0005a] in /.root0/local/home/ykiruha/optimized-mono/mcs/class/FirebirdSql.Data.Firebird/Test/BaseTest.cs:383
at FirebirdSql.Data.Firebird.Tests.BaseTest.BuildConnectionString () [0x00000] in /.root0/local/home/ykiruha/optimized-mono/mcs/class/FirebirdSql.Data.Firebird/Test/BaseTest.cs:372
at FirebirdSql.Data.Firebird.Tests.BaseTest.SetUp () [0x00000]
at (wrapper managed-to-native) System.Reflection.MonoMethod:InternalInvoke (object,object[],System.Exception&)
at System.Reflection.MonoMethod.Invoke (System.Object obj, BindingFlags invokeAttr, System.Reflection.Binder binder, System.Object[] parameters, System.Globalization.CultureInfo culture) [0x000b4] in /.root0/local/home/ykiruha/optimized-mono/mcs/class/corlib/System.Reflection/MonoMethod.cs:169
--TearDown
at System.Reflection.MonoMethod.Invoke (System.Object obj, BindingFlags invokeAttr, System.Reflection.Binder binder, System.Object[] parameters, System.Globalization.CultureInfo culture) [0x000c7] in /.root0/local/home/ykiruha/optimized-mono/mcs/class/corlib/System.Reflection/MonoMethod.cs:179
at System.Reflection.MethodBase.Invoke (System.Object obj, System.Object[] parameters) [0x00000] in /.root0/local/home/ykiruha/optimized-mono/mcs/class/corlib/System.Reflection/MethodBase.cs:111
--NullReferenceException
at FirebirdSql.Data.Firebird.Tests.BaseTest.TearDown () [0x00021] in /.root0/local/home/ykiruha/optimized-mono/mcs/class/FirebirdSql.Data.Firebird/Test/BaseTest.cs:102
at (wrapper managed-to-native) System.Reflection.MonoMethod:InternalInvoke (object,object[],System.Exception&)
at System.Reflection.MonoMethod.Invoke (System.Object obj, BindingFlags invokeAttr, System.Reflection.Binder binder, System.Object[] parameters, System.Globalization.CultureInfo culture) [0x000b4] in /.root0/local/home/ykiruha/optimized-mono/mcs/class/corlib/System.Reflection/MonoMethod.cs:169
]]></stack-trace>
                            </failure>
                          </test-case>
                          <test-case name="FirebirdSql.Data.Firebird.Tests.FbArrayTest.DoubleArrayTest" executed="True" success="False" time="0.005" asserts="0">
                            <failure>
                              <message><![CDATA[System.ArgumentNullException : Argument cannot be null.
Parameter name: s
TearDown : System.Reflection.TargetInvocationException : Exception has been thrown by the target of an invocation.
  ----> System.NullReferenceException : Object reference not set to an instance of an object]]></message>
                              <stack-trace><![CDATA[at System.Int32.Parse (System.String s) [0x00014] in /.root0/local/home/ykiruha/optimized-mono/mcs/class/corlib/System/Int32.cs:588
at FirebirdSql.Data.Firebird.Tests.BaseTest.BuildConnectionString (Boolean pooling) [0x0005a] in /.root0/local/home/ykiruha/optimized-mono/mcs/class/FirebirdSql.Data.Firebird/Test/BaseTest.cs:383
at FirebirdSql.Data.Firebird.Tests.BaseTest.BuildConnectionString () [0x00000] in /.root0/local/home/ykiruha/optimized-mono/mcs/class/FirebirdSql.Data.Firebird/Test/BaseTest.cs:372
at FirebirdSql.Data.Firebird.Tests.BaseTest.SetUp () [0x00000]
at (wrapper managed-to-native) System.Reflection.MonoMethod:InternalInvoke (object,object[],System.Exception&)
at System.Reflection.MonoMethod.Invoke (System.Object obj, BindingFlags invokeAttr, System.Reflection.Binder binder, System.Object[] parameters, System.Globalization.CultureInfo culture) [0x000b4] in /.root0/local/home/ykiruha/optimized-mono/mcs/class/corlib/System.Reflection/MonoMethod.cs:169
--TearDown
at System.Reflection.MonoMethod.Invoke (System.Object obj, BindingFlags invokeAttr, System.Reflection.Binder binder, System.Object[] parameters, System.Globalization.CultureInfo culture) [0x000c7] in /.root0/local/home/ykiruha/optimized-mono/mcs/class/corlib/System.Reflection/MonoMethod.cs:179
at System.Reflection.MethodBase.Invoke (System.Object obj, System.Object[] parameters) [0x00000] in /.root0/local/home/ykiruha/optimized-mono/mcs/class/corlib/System.Reflection/MethodBase.cs:111
--NullReferenceException
at FirebirdSql.Data.Firebird.Tests.BaseTest.TearDown () [0x00021] in /.root0/local/home/ykiruha/optimized-mono/mcs/class/FirebirdSql.Data.Firebird/Test/BaseTest.cs:102
at (wrapper managed-to-native) System.Reflection.MonoMethod:InternalInvoke (object,object[],System.Exception&)
at System.Reflection.MonoMethod.Invoke (System.Object obj, BindingFlags invokeAttr, System.Reflection.Binder binder, System.Object[] parameters, System.Globalization.CultureInfo culture) [0x000b4] in /.root0/local/home/ykiruha/optimized-mono/mcs/class/corlib/System.Reflection/MonoMethod.cs:169
]]></stack-trace>
                            </failure>
                          </test-case>
                          <test-case name="FirebirdSql.Data.Firebird.Tests.FbArrayTest.FloatArrayPartialUpdateTest" executed="True" success="False" time="0.005" asserts="0">
                            <failure>
                              <message><![CDATA[System.ArgumentNullException : Argument cannot be null.
Parameter name: s
TearDown : System.Reflection.TargetInvocationException : Exception has been thrown by the target of an invocation.
  ----> System.NullReferenceException : Object reference not set to an instance of an object]]></message>
                              <stack-trace><![CDATA[at System.Int32.Parse (System.String s) [0x00014] in /.root0/local/home/ykiruha/optimized-mono/mcs/class/corlib/System/Int32.cs:588
at FirebirdSql.Data.Firebird.Tests.BaseTest.BuildConnectionString (Boolean pooling) [0x0005a] in /.root0/local/home/ykiruha/optimized-mono/mcs/class/FirebirdSql.Data.Firebird/Test/BaseTest.cs:383
at FirebirdSql.Data.Firebird.Tests.BaseTest.BuildConnectionString () [0x00000] in /.root0/local/home/ykiruha/optimized-mono/mcs/class/FirebirdSql.Data.Firebird/Test/BaseTest.cs:372
at FirebirdSql.Data.Firebird.Tests.BaseTest.SetUp () [0x00000]
at (wrapper managed-to-native) System.Reflection.MonoMethod:InternalInvoke (object,object[],System.Exception&)
at System.Reflection.MonoMethod.Invoke (System.Object obj, BindingFlags invokeAttr, System.Reflection.Binder binder, System.Object[] parameters, System.Globalization.CultureInfo culture) [0x000b4] in /.root0/local/home/ykiruha/optimized-mono/mcs/class/corlib/System.Reflection/MonoMethod.cs:169
--TearDown
at System.Reflection.MonoMethod.Invoke (System.Object obj, BindingFlags invokeAttr, System.Reflection.Binder binder, System.Object[] parameters, System.Globalization.CultureInfo culture) [0x000c7] in /.root0/local/home/ykiruha/optimized-mono/mcs/class/corlib/System.Reflection/MonoMethod.cs:179
at System.Reflection.MethodBase.Invoke (System.Object obj, System.Object[] parameters) [0x00000] in /.root0/local/home/ykiruha/optimized-mono/mcs/class/corlib/System.Reflection/MethodBase.cs:111
--NullReferenceException
at FirebirdSql.Data.Firebird.Tests.BaseTest.TearDown () [0x00021] in /.root0/local/home/ykiruha/optimized-mono/mcs/class/FirebirdSql.Data.Firebird/Test/BaseTest.cs:102
at (wrapper managed-to-native) System.Reflection.MonoMethod:InternalInvoke (object,object[],System.Exception&)
at System.Reflection.MonoMethod.Invoke (System.Object obj, BindingFlags invokeAttr, System.Reflection.Binder binder, System.Object[] parameters, System.Globalization.CultureInfo culture) [0x000b4] in /.root0/local/home/ykiruha/optimized-mono/mcs/class/corlib/System.Reflection/MonoMethod.cs:169
]]></stack-trace>
                            </failure>
                          </test-case>
                          <test-case name="FirebirdSql.Data.Firebird.Tests.FbArrayTest.FloatArrayTest" executed="True" success="False" time="0.006" asserts="0">
                            <failure>
                              <message><![CDATA[System.ArgumentNullException : Argument cannot be null.
Parameter name: s
TearDown : System.Reflection.TargetInvocationException : Exception has been thrown by the target of an invocation.
  ----> System.NullReferenceException : Object reference not set to an instance of an object]]></message>
                              <stack-trace><![CDATA[at System.Int32.Parse (System.String s) [0x00014] in /.root0/local/home/ykiruha/optimized-mono/mcs/class/corlib/System/Int32.cs:588
at FirebirdSql.Data.Firebird.Tests.BaseTest.BuildConnectionString (Boolean pooling) [0x0005a] in /.root0/local/home/ykiruha/optimized-mono/mcs/class/FirebirdSql.Data.Firebird/Test/BaseTest.cs:383
at FirebirdSql.Data.Firebird.Tests.BaseTest.BuildConnectionString () [0x00000] in /.root0/local/home/ykiruha/optimized-mono/mcs/class/FirebirdSql.Data.Firebird/Test/BaseTest.cs:372
at FirebirdSql.Data.Firebird.Tests.BaseTest.SetUp () [0x00000]
at (wrapper managed-to-native) System.Reflection.MonoMethod:InternalInvoke (object,object[],System.Exception&)
at System.Reflection.MonoMethod.Invoke (System.Object obj, BindingFlags invokeAttr, System.Reflection.Binder binder, System.Object[] parameters, System.Globalization.CultureInfo culture) [0x000b4] in /.root0/local/home/ykiruha/optimized-mono/mcs/class/corlib/System.Reflection/MonoMethod.cs:169
--TearDown
at System.Reflection.MonoMethod.Invoke (System.Object obj, BindingFlags invokeAttr, System.Reflection.Binder binder, System.Object[] parameters, System.Globalization.CultureInfo culture) [0x000c7] in /.root0/local/home/ykiruha/optimized-mono/mcs/class/corlib/System.Reflection/MonoMethod.cs:179
at System.Reflection.MethodBase.Invoke (System.Object obj, System.Object[] parameters) [0x00000] in /.root0/local/home/ykiruha/optimized-mono/mcs/class/corlib/System.Reflection/MethodBase.cs:111
--NullReferenceException
at FirebirdSql.Data.Firebird.Tests.BaseTest.TearDown () [0x00021] in /.root0/local/home/ykiruha/optimized-mono/mcs/class/FirebirdSql.Data.Firebird/Test/BaseTest.cs:102
at (wrapper managed-to-native) System.Reflection.MonoMethod:InternalInvoke (object,object[],System.Exception&)
at System.Reflection.MonoMethod.Invoke (System.Object obj, BindingFlags invokeAttr, System.Reflection.Binder binder, System.Object[] parameters, System.Globalization.CultureInfo culture) [0x000b4] in /.root0/local/home/ykiruha/optimized-mono/mcs/class/corlib/System.Reflection/MonoMethod.cs:169
]]></stack-trace>
                            </failure>
                          </test-case>
                          <test-case name="FirebirdSql.Data.Firebird.Tests.FbArrayTest.IntergerArrayPartialUpdateTest" executed="True" success="False" time="0.005" asserts="0">
                            <failure>
                              <message><![CDATA[System.ArgumentNullException : Argument cannot be null.
Parameter name: s
TearDown : System.Reflection.TargetInvocationException : Exception has been thrown by the target of an invocation.
  ----> System.NullReferenceException : Object reference not set to an instance of an object]]></message>
                              <stack-trace><![CDATA[at System.Int32.Parse (System.String s) [0x00014] in /.root0/local/home/ykiruha/optimized-mono/mcs/class/corlib/System/Int32.cs:588
at FirebirdSql.Data.Firebird.Tests.BaseTest.BuildConnectionString (Boolean pooling) [0x0005a] in /.root0/local/home/ykiruha/optimized-mono/mcs/class/FirebirdSql.Data.Firebird/Test/BaseTest.cs:383
at FirebirdSql.Data.Firebird.Tests.BaseTest.BuildConnectionString () [0x00000] in /.root0/local/home/ykiruha/optimized-mono/mcs/class/FirebirdSql.Data.Firebird/Test/BaseTest.cs:372
at FirebirdSql.Data.Firebird.Tests.BaseTest.SetUp () [0x00000]
at (wrapper managed-to-native) System.Reflection.MonoMethod:InternalInvoke (object,object[],System.Exception&)
at System.Reflection.MonoMethod.Invoke (System.Object obj, BindingFlags invokeAttr, System.Reflection.Binder binder, System.Object[] parameters, System.Globalization.CultureInfo culture) [0x000b4] in /.root0/local/home/ykiruha/optimized-mono/mcs/class/corlib/System.Reflection/MonoMethod.cs:169
--TearDown
at System.Reflection.MonoMethod.Invoke (System.Object obj, BindingFlags invokeAttr, System.Reflection.Binder binder, System.Object[] parameters, System.Globalization.CultureInfo culture) [0x000c7] in /.root0/local/home/ykiruha/optimized-mono/mcs/class/corlib/System.Reflection/MonoMethod.cs:179
at System.Reflection.MethodBase.Invoke (System.Object obj, System.Object[] parameters) [0x00000] in /.root0/local/home/ykiruha/optimized-mono/mcs/class/corlib/System.Reflection/MethodBase.cs:111
--NullReferenceException
at FirebirdSql.Data.Firebird.Tests.BaseTest.TearDown () [0x00021] in /.root0/local/home/ykiruha/optimized-mono/mcs/class/FirebirdSql.Data.Firebird/Test/BaseTest.cs:102
at (wrapper managed-to-native) System.Reflection.MonoMethod:InternalInvoke (object,object[],System.Exception&)
at System.Reflection.MonoMethod.Invoke (System.Object obj, BindingFlags invokeAttr, System.Reflection.Binder binder, System.Object[] parameters, System.Globalization.CultureInfo culture) [0x000b4] in /.root0/local/home/ykiruha/optimized-mono/mcs/class/corlib/System.Reflection/MonoMethod.cs:169
]]></stack-trace>
                            </failure>
                          </test-case>
                          <test-case name="FirebirdSql.Data.Firebird.Tests.FbArrayTest.IntergerArrayTest" executed="True" success="False" time="0.007" asserts="0">
                            <failure>
                              <message><![CDATA[System.ArgumentNullException : Argument cannot be null.
Parameter name: s
TearDown : System.Reflection.TargetInvocationException : Exception has been thrown by the target of an invocation.
  ----> System.NullReferenceException : Object reference not set to an instance of an object]]></message>
                              <stack-trace><![CDATA[at System.Int32.Parse (System.String s) [0x00014] in /.root0/local/home/ykiruha/optimized-mono/mcs/class/corlib/System/Int32.cs:588
at FirebirdSql.Data.Firebird.Tests.BaseTest.BuildConnectionString (Boolean pooling) [0x0005a] in /.root0/local/home/ykiruha/optimized-mono/mcs/class/FirebirdSql.Data.Firebird/Test/BaseTest.cs:383
at FirebirdSql.Data.Firebird.Tests.BaseTest.BuildConnectionString () [0x00000] in /.root0/local/home/ykiruha/optimized-mono/mcs/class/FirebirdSql.Data.Firebird/Test/BaseTest.cs:372
at FirebirdSql.Data.Firebird.Tests.BaseTest.SetUp () [0x00000]
at (wrapper managed-to-native) System.Reflection.MonoMethod:InternalInvoke (object,object[],System.Exception&)
at System.Reflection.MonoMethod.Invoke (System.Object obj, BindingFlags invokeAttr, System.Reflection.Binder binder, System.Object[] parameters, System.Globalization.CultureInfo culture) [0x000b4] in /.root0/local/home/ykiruha/optimized-mono/mcs/class/corlib/System.Reflection/MonoMethod.cs:169
--TearDown
at System.Reflection.MonoMethod.Invoke (System.Object obj, BindingFlags invokeAttr, System.Reflection.Binder binder, System.Object[] parameters, System.Globalization.CultureInfo culture) [0x000c7] in /.root0/local/home/ykiruha/optimized-mono/mcs/class/corlib/System.Reflection/MonoMethod.cs:179
at System.Reflection.MethodBase.Invoke (System.Object obj, System.Object[] parameters) [0x00000] in /.root0/local/home/ykiruha/optimized-mono/mcs/class/corlib/System.Reflection/MethodBase.cs:111
--NullReferenceException
at FirebirdSql.Data.Firebird.Tests.BaseTest.TearDown () [0x00021] in /.root0/local/home/ykiruha/optimized-mono/mcs/class/FirebirdSql.Data.Firebird/Test/BaseTest.cs:102
at (wrapper managed-to-native) System.Reflection.MonoMethod:InternalInvoke (object,object[],System.Exception&)
at System.Reflection.MonoMethod.Invoke (System.Object obj, BindingFlags invokeAttr, System.Reflection.Binder binder, System.Object[] parameters, System.Globalization.CultureInfo culture) [0x000b4] in /.root0/local/home/ykiruha/optimized-mono/mcs/class/corlib/System.Reflection/MonoMethod.cs:169
]]></stack-trace>
                            </failure>
                          </test-case>
                          <test-case name="FirebirdSql.Data.Firebird.Tests.FbArrayTest.NumericArrayPartialUpdateTest" executed="True" success="False" time="0.007" asserts="0">
                            <failure>
                              <message><![CDATA[System.ArgumentNullException : Argument cannot be null.
Parameter name: s
TearDown : System.Reflection.TargetInvocationException : Exception has been thrown by the target of an invocation.
  ----> System.NullReferenceException : Object reference not set to an instance of an object]]></message>
                              <stack-trace><![CDATA[at System.Int32.Parse (System.String s) [0x00014] in /.root0/local/home/ykiruha/optimized-mono/mcs/class/corlib/System/Int32.cs:588
at FirebirdSql.Data.Firebird.Tests.BaseTest.BuildConnectionString (Boolean pooling) [0x0005a] in /.root0/local/home/ykiruha/optimized-mono/mcs/class/FirebirdSql.Data.Firebird/Test/BaseTest.cs:383
at FirebirdSql.Data.Firebird.Tests.BaseTest.BuildConnectionString () [0x00000] in /.root0/local/home/ykiruha/optimized-mono/mcs/class/FirebirdSql.Data.Firebird/Test/BaseTest.cs:372
at FirebirdSql.Data.Firebird.Tests.BaseTest.SetUp () [0x00000]
at (wrapper managed-to-native) System.Reflection.MonoMethod:InternalInvoke (object,object[],System.Exception&)
at System.Reflection.MonoMethod.Invoke (System.Object obj, BindingFlags invokeAttr, System.Reflection.Binder binder, System.Object[] parameters, System.Globalization.CultureInfo culture) [0x000b4] in /.root0/local/home/ykiruha/optimized-mono/mcs/class/corlib/System.Reflection/MonoMethod.cs:169
--TearDown
at System.Reflection.MonoMethod.Invoke (System.Object obj, BindingFlags invokeAttr, System.Reflection.Binder binder, System.Object[] parameters, System.Globalization.CultureInfo culture) [0x000c7] in /.root0/local/home/ykiruha/optimized-mono/mcs/class/corlib/System.Reflection/MonoMethod.cs:179
at System.Reflection.MethodBase.Invoke (System.Object obj, System.Object[] parameters) [0x00000] in /.root0/local/home/ykiruha/optimized-mono/mcs/class/corlib/System.Reflection/MethodBase.cs:111
--NullReferenceException
at FirebirdSql.Data.Firebird.Tests.BaseTest.TearDown () [0x00021] in /.root0/local/home/ykiruha/optimized-mono/mcs/class/FirebirdSql.Data.Firebird/Test/BaseTest.cs:102
at (wrapper managed-to-native) System.Reflection.MonoMethod:InternalInvoke (object,object[],System.Exception&)
at System.Reflection.MonoMethod.Invoke (System.Object obj, BindingFlags invokeAttr, System.Reflection.Binder binder, System.Object[] parameters, System.Globalization.CultureInfo culture) [0x000b4] in /.root0/local/home/ykiruha/optimized-mono/mcs/class/corlib/System.Reflection/MonoMethod.cs:169
]]></stack-trace>
                            </failure>
                          </test-case>
                          <test-case name="FirebirdSql.Data.Firebird.Tests.FbArrayTest.NumericArrayTest" executed="True" success="False" time="0.005" asserts="0">
                            <failure>
                              <message><![CDATA[System.ArgumentNullException : Argument cannot be null.
Parameter name: s
TearDown : System.Reflection.TargetInvocationException : Exception has been thrown by the target of an invocation.
  ----> System.NullReferenceException : Object reference not set to an instance of an object]]></message>
                              <stack-trace><![CDATA[at System.Int32.Parse (System.String s) [0x00014] in /.root0/local/home/ykiruha/optimized-mono/mcs/class/corlib/System/Int32.cs:588
at FirebirdSql.Data.Firebird.Tests.BaseTest.BuildConnectionString (Boolean pooling) [0x0005a] in /.root0/local/home/ykiruha/optimized-mono/mcs/class/FirebirdSql.Data.Firebird/Test/BaseTest.cs:383
at FirebirdSql.Data.Firebird.Tests.BaseTest.BuildConnectionString () [0x00000] in /.root0/local/home/ykiruha/optimized-mono/mcs/class/FirebirdSql.Data.Firebird/Test/BaseTest.cs:372
at FirebirdSql.Data.Firebird.Tests.BaseTest.SetUp () [0x00000]
at (wrapper managed-to-native) System.Reflection.MonoMethod:InternalInvoke (object,object[],System.Exception&)
at System.Reflection.MonoMethod.Invoke (System.Object obj, BindingFlags invokeAttr, System.Reflection.Binder binder, System.Object[] parameters, System.Globalization.CultureInfo culture) [0x000b4] in /.root0/local/home/ykiruha/optimized-mono/mcs/class/corlib/System.Reflection/MonoMethod.cs:169
--TearDown
at System.Reflection.MonoMethod.Invoke (System.Object obj, BindingFlags invokeAttr, System.Reflection.Binder binder, System.Object[] parameters, System.Globalization.CultureInfo culture) [0x000c7] in /.root0/local/home/ykiruha/optimized-mono/mcs/class/corlib/System.Reflection/MonoMethod.cs:179
at System.Reflection.MethodBase.Invoke (System.Object obj, System.Object[] parameters) [0x00000] in /.root0/local/home/ykiruha/optimized-mono/mcs/class/corlib/System.Reflection/MethodBase.cs:111
--NullReferenceException
at FirebirdSql.Data.Firebird.Tests.BaseTest.TearDown () [0x00021] in /.root0/local/home/ykiruha/optimized-mono/mcs/class/FirebirdSql.Data.Firebird/Test/BaseTest.cs:102
at (wrapper managed-to-native) System.Reflection.MonoMethod:InternalInvoke (object,object[],System.Exception&)
at System.Reflection.MonoMethod.Invoke (System.Object obj, BindingFlags invokeAttr, System.Reflection.Binder binder, System.Object[] parameters, System.Globalization.CultureInfo culture) [0x000b4] in /.root0/local/home/ykiruha/optimized-mono/mcs/class/corlib/System.Reflection/MonoMethod.cs:169
]]></stack-trace>
                            </failure>
                          </test-case>
                          <test-case name="FirebirdSql.Data.Firebird.Tests.FbArrayTest.PartialUpdatesTest" executed="True" success="False" time="0.005" asserts="0">
                            <failure>
                              <message><![CDATA[System.ArgumentNullException : Argument cannot be null.
Parameter name: s
TearDown : System.Reflection.TargetInvocationException : Exception has been thrown by the target of an invocation.
  ----> System.NullReferenceException : Object reference not set to an instance of an object]]></message>
                              <stack-trace><![CDATA[at System.Int32.Parse (System.String s) [0x00014] in /.root0/local/home/ykiruha/optimized-mono/mcs/class/corlib/System/Int32.cs:588
at FirebirdSql.Data.Firebird.Tests.BaseTest.BuildConnectionString (Boolean pooling) [0x0005a] in /.root0/local/home/ykiruha/optimized-mono/mcs/class/FirebirdSql.Data.Firebird/Test/BaseTest.cs:383
at FirebirdSql.Data.Firebird.Tests.BaseTest.BuildConnectionString () [0x00000] in /.root0/local/home/ykiruha/optimized-mono/mcs/class/FirebirdSql.Data.Firebird/Test/BaseTest.cs:372
at FirebirdSql.Data.Firebird.Tests.BaseTest.SetUp () [0x00000]
at (wrapper managed-to-native) System.Reflection.MonoMethod:InternalInvoke (object,object[],System.Exception&)
at System.Reflection.MonoMethod.Invoke (System.Object obj, BindingFlags invokeAttr, System.Reflection.Binder binder, System.Object[] parameters, System.Globalization.CultureInfo culture) [0x000b4] in /.root0/local/home/ykiruha/optimized-mono/mcs/class/corlib/System.Reflection/MonoMethod.cs:169
--TearDown
at System.Reflection.MonoMethod.Invoke (System.Object obj, BindingFlags invokeAttr, System.Reflection.Binder binder, System.Object[] parameters, System.Globalization.CultureInfo culture) [0x000c7] in /.root0/local/home/ykiruha/optimized-mono/mcs/class/corlib/System.Reflection/MonoMethod.cs:179
at System.Reflection.MethodBase.Invoke (System.Object obj, System.Object[] parameters) [0x00000] in /.root0/local/home/ykiruha/optimized-mono/mcs/class/corlib/System.Reflection/MethodBase.cs:111
--NullReferenceException
at FirebirdSql.Data.Firebird.Tests.BaseTest.TearDown () [0x00021] in /.root0/local/home/ykiruha/optimized-mono/mcs/class/FirebirdSql.Data.Firebird/Test/BaseTest.cs:102
at (wrapper managed-to-native) System.Reflection.MonoMethod:InternalInvoke (object,object[],System.Exception&)
at System.Reflection.MonoMethod.Invoke (System.Object obj, BindingFlags invokeAttr, System.Reflection.Binder binder, System.Object[] parameters, System.Globalization.CultureInfo culture) [0x000b4] in /.root0/local/home/ykiruha/optimized-mono/mcs/class/corlib/System.Reflection/MonoMethod.cs:169
]]></stack-trace>
                            </failure>
                          </test-case>
                          <test-case name="FirebirdSql.Data.Firebird.Tests.FbArrayTest.ShortArrayPartialUpdateTest" executed="True" success="False" time="0.007" asserts="0">
                            <failure>
                              <message><![CDATA[System.ArgumentNullException : Argument cannot be null.
Parameter name: s
TearDown : System.Reflection.TargetInvocationException : Exception has been thrown by the target of an invocation.
  ----> System.NullReferenceException : Object reference not set to an instance of an object]]></message>
                              <stack-trace><![CDATA[at System.Int32.Parse (System.String s) [0x00014] in /.root0/local/home/ykiruha/optimized-mono/mcs/class/corlib/System/Int32.cs:588
at FirebirdSql.Data.Firebird.Tests.BaseTest.BuildConnectionString (Boolean pooling) [0x0005a] in /.root0/local/home/ykiruha/optimized-mono/mcs/class/FirebirdSql.Data.Firebird/Test/BaseTest.cs:383
at FirebirdSql.Data.Firebird.Tests.BaseTest.BuildConnectionString () [0x00000] in /.root0/local/home/ykiruha/optimized-mono/mcs/class/FirebirdSql.Data.Firebird/Test/BaseTest.cs:372
at FirebirdSql.Data.Firebird.Tests.BaseTest.SetUp () [0x00000]
at (wrapper managed-to-native) System.Reflection.MonoMethod:InternalInvoke (object,object[],System.Exception&)
at System.Reflection.MonoMethod.Invoke (System.Object obj, BindingFlags invokeAttr, System.Reflection.Binder binder, System.Object[] parameters, System.Globalization.CultureInfo culture) [0x000b4] in /.root0/local/home/ykiruha/optimized-mono/mcs/class/corlib/System.Reflection/MonoMethod.cs:169
--TearDown
at System.Reflection.MonoMethod.Invoke (System.Object obj, BindingFlags invokeAttr, System.Reflection.Binder binder, System.Object[] parameters, System.Globalization.CultureInfo culture) [0x000c7] in /.root0/local/home/ykiruha/optimized-mono/mcs/class/corlib/System.Reflection/MonoMethod.cs:179
at System.Reflection.MethodBase.Invoke (System.Object obj, System.Object[] parameters) [0x00000] in /.root0/local/home/ykiruha/optimized-mono/mcs/class/corlib/System.Reflection/MethodBase.cs:111
--NullReferenceException
at FirebirdSql.Data.Firebird.Tests.BaseTest.TearDown () [0x00021] in /.root0/local/home/ykiruha/optimized-mono/mcs/class/FirebirdSql.Data.Firebird/Test/BaseTest.cs:102
at (wrapper managed-to-native) System.Reflection.MonoMethod:InternalInvoke (object,object[],System.Exception&)
at System.Reflection.MonoMethod.Invoke (System.Object obj, BindingFlags invokeAttr, System.Reflection.Binder binder, System.Object[] parameters, System.Globalization.CultureInfo culture) [0x000b4] in /.root0/local/home/ykiruha/optimized-mono/mcs/class/corlib/System.Reflection/MonoMethod.cs:169
]]></stack-trace>
                            </failure>
                          </test-case>
                          <test-case name="FirebirdSql.Data.Firebird.Tests.FbArrayTest.ShortArrayTest" executed="True" success="False" time="0.007" asserts="0">
                            <failure>
                              <message><![CDATA[System.ArgumentNullException : Argument cannot be null.
Parameter name: s
TearDown : System.Reflection.TargetInvocationException : Exception has been thrown by the target of an invocation.
  ----> System.NullReferenceException : Object reference not set to an instance of an object]]></message>
                              <stack-trace><![CDATA[at System.Int32.Parse (System.String s) [0x00014] in /.root0/local/home/ykiruha/optimized-mono/mcs/class/corlib/System/Int32.cs:588
at FirebirdSql.Data.Firebird.Tests.BaseTest.BuildConnectionString (Boolean pooling) [0x0005a] in /.root0/local/home/ykiruha/optimized-mono/mcs/class/FirebirdSql.Data.Firebird/Test/BaseTest.cs:383
at FirebirdSql.Data.Firebird.Tests.BaseTest.BuildConnectionString () [0x00000] in /.root0/local/home/ykiruha/optimized-mono/mcs/class/FirebirdSql.Data.Firebird/Test/BaseTest.cs:372
at FirebirdSql.Data.Firebird.Tests.BaseTest.SetUp () [0x00000]
at (wrapper managed-to-native) System.Reflection.MonoMethod:InternalInvoke (object,object[],System.Exception&)
at System.Reflection.MonoMethod.Invoke (System.Object obj, BindingFlags invokeAttr, System.Reflection.Binder binder, System.Object[] parameters, System.Globalization.CultureInfo culture) [0x000b4] in /.root0/local/home/ykiruha/optimized-mono/mcs/class/corlib/System.Reflection/MonoMethod.cs:169
--TearDown
at System.Reflection.MonoMethod.Invoke (System.Object obj, BindingFlags invokeAttr, System.Reflection.Binder binder, System.Object[] parameters, System.Globalization.CultureInfo culture) [0x000c7] in /.root0/local/home/ykiruha/optimized-mono/mcs/class/corlib/System.Reflection/MonoMethod.cs:179
at System.Reflection.MethodBase.Invoke (System.Object obj, System.Object[] parameters) [0x00000] in /.root0/local/home/ykiruha/optimized-mono/mcs/class/corlib/System.Reflection/MethodBase.cs:111
--NullReferenceException
at FirebirdSql.Data.Firebird.Tests.BaseTest.TearDown () [0x00021] in /.root0/local/home/ykiruha/optimized-mono/mcs/class/FirebirdSql.Data.Firebird/Test/BaseTest.cs:102
at (wrapper managed-to-native) System.Reflection.MonoMethod:InternalInvoke (object,object[],System.Exception&)
at System.Reflection.MonoMethod.Invoke (System.Object obj, BindingFlags invokeAttr, System.Reflection.Binder binder, System.Object[] parameters, System.Globalization.CultureInfo culture) [0x000b4] in /.root0/local/home/ykiruha/optimized-mono/mcs/class/corlib/System.Reflection/MonoMethod.cs:169
]]></stack-trace>
                            </failure>
                          </test-case>
                          <test-case name="FirebirdSql.Data.Firebird.Tests.FbArrayTest.TimeArrayPartialUpdateTest" executed="True" success="False" time="0.005" asserts="0">
                            <failure>
                              <message><![CDATA[System.ArgumentNullException : Argument cannot be null.
Parameter name: s
TearDown : System.Reflection.TargetInvocationException : Exception has been thrown by the target of an invocation.
  ----> System.NullReferenceException : Object reference not set to an instance of an object]]></message>
                              <stack-trace><![CDATA[at System.Int32.Parse (System.String s) [0x00014] in /.root0/local/home/ykiruha/optimized-mono/mcs/class/corlib/System/Int32.cs:588
at FirebirdSql.Data.Firebird.Tests.BaseTest.BuildConnectionString (Boolean pooling) [0x0005a] in /.root0/local/home/ykiruha/optimized-mono/mcs/class/FirebirdSql.Data.Firebird/Test/BaseTest.cs:383
at FirebirdSql.Data.Firebird.Tests.BaseTest.BuildConnectionString () [0x00000] in /.root0/local/home/ykiruha/optimized-mono/mcs/class/FirebirdSql.Data.Firebird/Test/BaseTest.cs:372
at FirebirdSql.Data.Firebird.Tests.BaseTest.SetUp () [0x00000]
at (wrapper managed-to-native) System.Reflection.MonoMethod:InternalInvoke (object,object[],System.Exception&)
at System.Reflection.MonoMethod.Invoke (System.Object obj, BindingFlags invokeAttr, System.Reflection.Binder binder, System.Object[] parameters, System.Globalization.CultureInfo culture) [0x000b4] in /.root0/local/home/ykiruha/optimized-mono/mcs/class/corlib/System.Reflection/MonoMethod.cs:169
--TearDown
at System.Reflection.MonoMethod.Invoke (System.Object obj, BindingFlags invokeAttr, System.Reflection.Binder binder, System.Object[] parameters, System.Globalization.CultureInfo culture) [0x000c7] in /.root0/local/home/ykiruha/optimized-mono/mcs/class/corlib/System.Reflection/MonoMethod.cs:179
at System.Reflection.MethodBase.Invoke (System.Object obj, System.Object[] parameters) [0x00000] in /.root0/local/home/ykiruha/optimized-mono/mcs/class/corlib/System.Reflection/MethodBase.cs:111
--NullReferenceException
at FirebirdSql.Data.Firebird.Tests.BaseTest.TearDown () [0x00021] in /.root0/local/home/ykiruha/optimized-mono/mcs/class/FirebirdSql.Data.Firebird/Test/BaseTest.cs:102
at (wrapper managed-to-native) System.Reflection.MonoMethod:InternalInvoke (object,object[],System.Exception&)
at System.Reflection.MonoMethod.Invoke (System.Object obj, BindingFlags invokeAttr, System.Reflection.Binder binder, System.Object[] parameters, System.Globalization.CultureInfo culture) [0x000b4] in /.root0/local/home/ykiruha/optimized-mono/mcs/class/corlib/System.Reflection/MonoMethod.cs:169
]]></stack-trace>
                            </failure>
                          </test-case>
                          <test-case name="FirebirdSql.Data.Firebird.Tests.FbArrayTest.TimeArrayTest" executed="True" success="False" time="0.005" asserts="0">
                            <failure>
                              <message><![CDATA[System.ArgumentNullException : Argument cannot be null.
Parameter name: s
TearDown : System.Reflection.TargetInvocationException : Exception has been thrown by the target of an invocation.
  ----> System.NullReferenceException : Object reference not set to an instance of an object]]></message>
                              <stack-trace><![CDATA[at System.Int32.Parse (System.String s) [0x00014] in /.root0/local/home/ykiruha/optimized-mono/mcs/class/corlib/System/Int32.cs:588
at FirebirdSql.Data.Firebird.Tests.BaseTest.BuildConnectionString (Boolean pooling) [0x0005a] in /.root0/local/home/ykiruha/optimized-mono/mcs/class/FirebirdSql.Data.Firebird/Test/BaseTest.cs:383
at FirebirdSql.Data.Firebird.Tests.BaseTest.BuildConnectionString () [0x00000] in /.root0/local/home/ykiruha/optimized-mono/mcs/class/FirebirdSql.Data.Firebird/Test/BaseTest.cs:372
at FirebirdSql.Data.Firebird.Tests.BaseTest.SetUp () [0x00000]
at (wrapper managed-to-native) System.Reflection.MonoMethod:InternalInvoke (object,object[],System.Exception&)
at System.Reflection.MonoMethod.Invoke (System.Object obj, BindingFlags invokeAttr, System.Reflection.Binder binder, System.Object[] parameters, System.Globalization.CultureInfo culture) [0x000b4] in /.root0/local/home/ykiruha/optimized-mono/mcs/class/corlib/System.Reflection/MonoMethod.cs:169
--TearDown
at System.Reflection.MonoMethod.Invoke (System.Object obj, BindingFlags invokeAttr, System.Reflection.Binder binder, System.Object[] parameters, System.Globalization.CultureInfo culture) [0x000c7] in /.root0/local/home/ykiruha/optimized-mono/mcs/class/corlib/System.Reflection/MonoMethod.cs:179
at System.Reflection.MethodBase.Invoke (System.Object obj, System.Object[] parameters) [0x00000] in /.root0/local/home/ykiruha/optimized-mono/mcs/class/corlib/System.Reflection/MethodBase.cs:111
--NullReferenceException
at FirebirdSql.Data.Firebird.Tests.BaseTest.TearDown () [0x00021] in /.root0/local/home/ykiruha/optimized-mono/mcs/class/FirebirdSql.Data.Firebird/Test/BaseTest.cs:102
at (wrapper managed-to-native) System.Reflection.MonoMethod:InternalInvoke (object,object[],System.Exception&)
at System.Reflection.MonoMethod.Invoke (System.Object obj, BindingFlags invokeAttr, System.Reflection.Binder binder, System.Object[] parameters, System.Globalization.CultureInfo culture) [0x000b4] in /.root0/local/home/ykiruha/optimized-mono/mcs/class/corlib/System.Reflection/MonoMethod.cs:169
]]></stack-trace>
                            </failure>
                          </test-case>
                          <test-case name="FirebirdSql.Data.Firebird.Tests.FbArrayTest.TimeStampArrayPartialUpdateTest" executed="True" success="False" time="0.006" asserts="0">
                            <failure>
                              <message><![CDATA[System.ArgumentNullException : Argument cannot be null.
Parameter name: s
TearDown : System.Reflection.TargetInvocationException : Exception has been thrown by the target of an invocation.
  ----> System.NullReferenceException : Object reference not set to an instance of an object]]></message>
                              <stack-trace><![CDATA[at System.Int32.Parse (System.String s) [0x00014] in /.root0/local/home/ykiruha/optimized-mono/mcs/class/corlib/System/Int32.cs:588
at FirebirdSql.Data.Firebird.Tests.BaseTest.BuildConnectionString (Boolean pooling) [0x0005a] in /.root0/local/home/ykiruha/optimized-mono/mcs/class/FirebirdSql.Data.Firebird/Test/BaseTest.cs:383
at FirebirdSql.Data.Firebird.Tests.BaseTest.BuildConnectionString () [0x00000] in /.root0/local/home/ykiruha/optimized-mono/mcs/class/FirebirdSql.Data.Firebird/Test/BaseTest.cs:372
at FirebirdSql.Data.Firebird.Tests.BaseTest.SetUp () [0x00000]
at (wrapper managed-to-native) System.Reflection.MonoMethod:InternalInvoke (object,object[],System.Exception&)
at System.Reflection.MonoMethod.Invoke (System.Object obj, BindingFlags invokeAttr, System.Reflection.Binder binder, System.Object[] parameters, System.Globalization.CultureInfo culture) [0x000b4] in /.root0/local/home/ykiruha/optimized-mono/mcs/class/corlib/System.Reflection/MonoMethod.cs:169
--TearDown
at System.Reflection.MonoMethod.Invoke (System.Object obj, BindingFlags invokeAttr, System.Reflection.Binder binder, System.Object[] parameters, System.Globalization.CultureInfo culture) [0x000c7] in /.root0/local/home/ykiruha/optimized-mono/mcs/class/corlib/System.Reflection/MonoMethod.cs:179
at System.Reflection.MethodBase.Invoke (System.Object obj, System.Object[] parameters) [0x00000] in /.root0/local/home/ykiruha/optimized-mono/mcs/class/corlib/System.Reflection/MethodBase.cs:111
--NullReferenceException
at FirebirdSql.Data.Firebird.Tests.BaseTest.TearDown () [0x00021] in /.root0/local/home/ykiruha/optimized-mono/mcs/class/FirebirdSql.Data.Firebird/Test/BaseTest.cs:102
at (wrapper managed-to-native) System.Reflection.MonoMethod:InternalInvoke (object,object[],System.Exception&)
at System.Reflection.MonoMethod.Invoke (System.Object obj, BindingFlags invokeAttr, System.Reflection.Binder binder, System.Object[] parameters, System.Globalization.CultureInfo culture) [0x000b4] in /.root0/local/home/ykiruha/optimized-mono/mcs/class/corlib/System.Reflection/MonoMethod.cs:169
]]></stack-trace>
                            </failure>
                          </test-case>
                          <test-case name="FirebirdSql.Data.Firebird.Tests.FbArrayTest.TimeStampArrayTest" executed="True" success="False" time="0.005" asserts="0">
                            <failure>
                              <message><![CDATA[System.ArgumentNullException : Argument cannot be null.
Parameter name: s
TearDown : System.Reflection.TargetInvocationException : Exception has been thrown by the target of an invocation.
  ----> System.NullReferenceException : Object reference not set to an instance of an object]]></message>
                              <stack-trace><![CDATA[at System.Int32.Parse (System.String s) [0x00014] in /.root0/local/home/ykiruha/optimized-mono/mcs/class/corlib/System/Int32.cs:588
at FirebirdSql.Data.Firebird.Tests.BaseTest.BuildConnectionString (Boolean pooling) [0x0005a] in /.root0/local/home/ykiruha/optimized-mono/mcs/class/FirebirdSql.Data.Firebird/Test/BaseTest.cs:383
at FirebirdSql.Data.Firebird.Tests.BaseTest.BuildConnectionString () [0x00000] in /.root0/local/home/ykiruha/optimized-mono/mcs/class/FirebirdSql.Data.Firebird/Test/BaseTest.cs:372
at FirebirdSql.Data.Firebird.Tests.BaseTest.SetUp () [0x00000]
at (wrapper managed-to-native) System.Reflection.MonoMethod:InternalInvoke (object,object[],System.Exception&)
at System.Reflection.MonoMethod.Invoke (System.Object obj, BindingFlags invokeAttr, System.Reflection.Binder binder, System.Object[] parameters, System.Globalization.CultureInfo culture) [0x000b4] in /.root0/local/home/ykiruha/optimized-mono/mcs/class/corlib/System.Reflection/MonoMethod.cs:169
--TearDown
at System.Reflection.MonoMethod.Invoke (System.Object obj, BindingFlags invokeAttr, System.Reflection.Binder binder, System.Object[] parameters, System.Globalization.CultureInfo culture) [0x000c7] in /.root0/local/home/ykiruha/optimized-mono/mcs/class/corlib/System.Reflection/MonoMethod.cs:179
at System.Reflection.MethodBase.Invoke (System.Object obj, System.Object[] parameters) [0x00000] in /.root0/local/home/ykiruha/optimized-mono/mcs/class/corlib/System.Reflection/MethodBase.cs:111
--NullReferenceException
at FirebirdSql.Data.Firebird.Tests.BaseTest.TearDown () [0x00021] in /.root0/local/home/ykiruha/optimized-mono/mcs/class/FirebirdSql.Data.Firebird/Test/BaseTest.cs:102
at (wrapper managed-to-native) System.Reflection.MonoMethod:InternalInvoke (object,object[],System.Exception&)
at System.Reflection.MonoMethod.Invoke (System.Object obj, BindingFlags invokeAttr, System.Reflection.Binder binder, System.Object[] parameters, System.Globalization.CultureInfo culture) [0x000b4] in /.root0/local/home/ykiruha/optimized-mono/mcs/class/corlib/System.Reflection/MonoMethod.cs:169
]]></stack-trace>
                            </failure>
                          </test-case>
                          <test-case name="FirebirdSql.Data.Firebird.Tests.FbArrayTest.VarCharArrayPartialUpdateTest" executed="True" success="False" time="0.005" asserts="0">
                            <failure>
                              <message><![CDATA[System.ArgumentNullException : Argument cannot be null.
Parameter name: s
TearDown : System.Reflection.TargetInvocationException : Exception has been thrown by the target of an invocation.
  ----> System.NullReferenceException : Object reference not set to an instance of an object]]></message>
                              <stack-trace><![CDATA[at System.Int32.Parse (System.String s) [0x00014] in /.root0/local/home/ykiruha/optimized-mono/mcs/class/corlib/System/Int32.cs:588
at FirebirdSql.Data.Firebird.Tests.BaseTest.BuildConnectionString (Boolean pooling) [0x0005a] in /.root0/local/home/ykiruha/optimized-mono/mcs/class/FirebirdSql.Data.Firebird/Test/BaseTest.cs:383
at FirebirdSql.Data.Firebird.Tests.BaseTest.BuildConnectionString () [0x00000] in /.root0/local/home/ykiruha/optimized-mono/mcs/class/FirebirdSql.Data.Firebird/Test/BaseTest.cs:372
at FirebirdSql.Data.Firebird.Tests.BaseTest.SetUp () [0x00000]
at (wrapper managed-to-native) System.Reflection.MonoMethod:InternalInvoke (object,object[],System.Exception&)
at System.Reflection.MonoMethod.Invoke (System.Object obj, BindingFlags invokeAttr, System.Reflection.Binder binder, System.Object[] parameters, System.Globalization.CultureInfo culture) [0x000b4] in /.root0/local/home/ykiruha/optimized-mono/mcs/class/corlib/System.Reflection/MonoMethod.cs:169
--TearDown
at System.Reflection.MonoMethod.Invoke (System.Object obj, BindingFlags invokeAttr, System.Reflection.Binder binder, System.Object[] parameters, System.Globalization.CultureInfo culture) [0x000c7] in /.root0/local/home/ykiruha/optimized-mono/mcs/class/corlib/System.Reflection/MonoMethod.cs:179
at System.Reflection.MethodBase.Invoke (System.Object obj, System.Object[] parameters) [0x00000] in /.root0/local/home/ykiruha/optimized-mono/mcs/class/corlib/System.Reflection/MethodBase.cs:111
--NullReferenceException
at FirebirdSql.Data.Firebird.Tests.BaseTest.TearDown () [0x00021] in /.root0/local/home/ykiruha/optimized-mono/mcs/class/FirebirdSql.Data.Firebird/Test/BaseTest.cs:102
at (wrapper managed-to-native) System.Reflection.MonoMethod:InternalInvoke (object,object[],System.Exception&)
at System.Reflection.MonoMethod.Invoke (System.Object obj, BindingFlags invokeAttr, System.Reflection.Binder binder, System.Object[] parameters, System.Globalization.CultureInfo culture) [0x000b4] in /.root0/local/home/ykiruha/optimized-mono/mcs/class/corlib/System.Reflection/MonoMethod.cs:169
]]></stack-trace>
                            </failure>
                          </test-case>
                          <test-case name="FirebirdSql.Data.Firebird.Tests.FbArrayTest.VarCharArrayTest" executed="True" success="False" time="0.005" asserts="0">
                            <failure>
                              <message><![CDATA[System.ArgumentNullException : Argument cannot be null.
Parameter name: s
TearDown : System.Reflection.TargetInvocationException : Exception has been thrown by the target of an invocation.
  ----> System.NullReferenceException : Object reference not set to an instance of an object]]></message>
                              <stack-trace><![CDATA[at System.Int32.Parse (System.String s) [0x00014] in /.root0/local/home/ykiruha/optimized-mono/mcs/class/corlib/System/Int32.cs:588
at FirebirdSql.Data.Firebird.Tests.BaseTest.BuildConnectionString (Boolean pooling) [0x0005a] in /.root0/local/home/ykiruha/optimized-mono/mcs/class/FirebirdSql.Data.Firebird/Test/BaseTest.cs:383
at FirebirdSql.Data.Firebird.Tests.BaseTest.BuildConnectionString () [0x00000] in /.root0/local/home/ykiruha/optimized-mono/mcs/class/FirebirdSql.Data.Firebird/Test/BaseTest.cs:372
at FirebirdSql.Data.Firebird.Tests.BaseTest.SetUp () [0x00000]
at (wrapper managed-to-native) System.Reflection.MonoMethod:InternalInvoke (object,object[],System.Exception&)
at System.Reflection.MonoMethod.Invoke (System.Object obj, BindingFlags invokeAttr, System.Reflection.Binder binder, System.Object[] parameters, System.Globalization.CultureInfo culture) [0x000b4] in /.root0/local/home/ykiruha/optimized-mono/mcs/class/corlib/System.Reflection/MonoMethod.cs:169
--TearDown
at System.Reflection.MonoMethod.Invoke (System.Object obj, BindingFlags invokeAttr, System.Reflection.Binder binder, System.Object[] parameters, System.Globalization.CultureInfo culture) [0x000c7] in /.root0/local/home/ykiruha/optimized-mono/mcs/class/corlib/System.Reflection/MonoMethod.cs:179
at System.Reflection.MethodBase.Invoke (System.Object obj, System.Object[] parameters) [0x00000] in /.root0/local/home/ykiruha/optimized-mono/mcs/class/corlib/System.Reflection/MethodBase.cs:111
--NullReferenceException
at FirebirdSql.Data.Firebird.Tests.BaseTest.TearDown () [0x00021] in /.root0/local/home/ykiruha/optimized-mono/mcs/class/FirebirdSql.Data.Firebird/Test/BaseTest.cs:102
at (wrapper managed-to-native) System.Reflection.MonoMethod:InternalInvoke (object,object[],System.Exception&)
at System.Reflection.MonoMethod.Invoke (System.Object obj, BindingFlags invokeAttr, System.Reflection.Binder binder, System.Object[] parameters, System.Globalization.CultureInfo culture) [0x000b4] in /.root0/local/home/ykiruha/optimized-mono/mcs/class/corlib/System.Reflection/MonoMethod.cs:169
]]></stack-trace>
                            </failure>
                          </test-case>
                        </results>
                      </test-suite>
                      <test-suite name="FbBlobTest" success="False" time="0.555" asserts="0">
                        <results>
                          <test-case name="FirebirdSql.Data.Firebird.Tests.FbBlobTest.BinaryBlobTest" executed="True" success="False" time="0.005" asserts="0">
                            <failure>
                              <message><![CDATA[System.ArgumentNullException : Argument cannot be null.
Parameter name: s
TearDown : System.Reflection.TargetInvocationException : Exception has been thrown by the target of an invocation.
  ----> System.NullReferenceException : Object reference not set to an instance of an object]]></message>
                              <stack-trace><![CDATA[at System.Int32.Parse (System.String s) [0x00014] in /.root0/local/home/ykiruha/optimized-mono/mcs/class/corlib/System/Int32.cs:588
at FirebirdSql.Data.Firebird.Tests.BaseTest.BuildConnectionString (Boolean pooling) [0x0005a] in /.root0/local/home/ykiruha/optimized-mono/mcs/class/FirebirdSql.Data.Firebird/Test/BaseTest.cs:383
at FirebirdSql.Data.Firebird.Tests.BaseTest.BuildConnectionString () [0x00000] in /.root0/local/home/ykiruha/optimized-mono/mcs/class/FirebirdSql.Data.Firebird/Test/BaseTest.cs:372
at FirebirdSql.Data.Firebird.Tests.BaseTest.SetUp () [0x00000]
at (wrapper managed-to-native) System.Reflection.MonoMethod:InternalInvoke (object,object[],System.Exception&)
at System.Reflection.MonoMethod.Invoke (System.Object obj, BindingFlags invokeAttr, System.Reflection.Binder binder, System.Object[] parameters, System.Globalization.CultureInfo culture) [0x000b4] in /.root0/local/home/ykiruha/optimized-mono/mcs/class/corlib/System.Reflection/MonoMethod.cs:169
--TearDown
at System.Reflection.MonoMethod.Invoke (System.Object obj, BindingFlags invokeAttr, System.Reflection.Binder binder, System.Object[] parameters, System.Globalization.CultureInfo culture) [0x000c7] in /.root0/local/home/ykiruha/optimized-mono/mcs/class/corlib/System.Reflection/MonoMethod.cs:179
at System.Reflection.MethodBase.Invoke (System.Object obj, System.Object[] parameters) [0x00000] in /.root0/local/home/ykiruha/optimized-mono/mcs/class/corlib/System.Reflection/MethodBase.cs:111
--NullReferenceException
at FirebirdSql.Data.Firebird.Tests.BaseTest.TearDown () [0x00021] in /.root0/local/home/ykiruha/optimized-mono/mcs/class/FirebirdSql.Data.Firebird/Test/BaseTest.cs:102
at (wrapper managed-to-native) System.Reflection.MonoMethod:InternalInvoke (object,object[],System.Exception&)
at System.Reflection.MonoMethod.Invoke (System.Object obj, BindingFlags invokeAttr, System.Reflection.Binder binder, System.Object[] parameters, System.Globalization.CultureInfo culture) [0x000b4] in /.root0/local/home/ykiruha/optimized-mono/mcs/class/corlib/System.Reflection/MonoMethod.cs:169
]]></stack-trace>
                            </failure>
                          </test-case>
                          <test-case name="FirebirdSql.Data.Firebird.Tests.FbBlobTest.ReaderGetBytes" executed="True" success="False" time="0.005" asserts="0">
                            <failure>
                              <message><![CDATA[System.ArgumentNullException : Argument cannot be null.
Parameter name: s
TearDown : System.Reflection.TargetInvocationException : Exception has been thrown by the target of an invocation.
  ----> System.NullReferenceException : Object reference not set to an instance of an object]]></message>
                              <stack-trace><![CDATA[at System.Int32.Parse (System.String s) [0x00014] in /.root0/local/home/ykiruha/optimized-mono/mcs/class/corlib/System/Int32.cs:588
at FirebirdSql.Data.Firebird.Tests.BaseTest.BuildConnectionString (Boolean pooling) [0x0005a] in /.root0/local/home/ykiruha/optimized-mono/mcs/class/FirebirdSql.Data.Firebird/Test/BaseTest.cs:383
at FirebirdSql.Data.Firebird.Tests.BaseTest.BuildConnectionString () [0x00000] in /.root0/local/home/ykiruha/optimized-mono/mcs/class/FirebirdSql.Data.Firebird/Test/BaseTest.cs:372
at FirebirdSql.Data.Firebird.Tests.BaseTest.SetUp () [0x00000]
at (wrapper managed-to-native) System.Reflection.MonoMethod:InternalInvoke (object,object[],System.Exception&)
at System.Reflection.MonoMethod.Invoke (System.Object obj, BindingFlags invokeAttr, System.Reflection.Binder binder, System.Object[] parameters, System.Globalization.CultureInfo culture) [0x000b4] in /.root0/local/home/ykiruha/optimized-mono/mcs/class/corlib/System.Reflection/MonoMethod.cs:169
--TearDown
at System.Reflection.MonoMethod.Invoke (System.Object obj, BindingFlags invokeAttr, System.Reflection.Binder binder, System.Object[] parameters, System.Globalization.CultureInfo culture) [0x000c7] in /.root0/local/home/ykiruha/optimized-mono/mcs/class/corlib/System.Reflection/MonoMethod.cs:179
at System.Reflection.MethodBase.Invoke (System.Object obj, System.Object[] parameters) [0x00000] in /.root0/local/home/ykiruha/optimized-mono/mcs/class/corlib/System.Reflection/MethodBase.cs:111
--NullReferenceException
at FirebirdSql.Data.Firebird.Tests.BaseTest.TearDown () [0x00021] in /.root0/local/home/ykiruha/optimized-mono/mcs/class/FirebirdSql.Data.Firebird/Test/BaseTest.cs:102
at (wrapper managed-to-native) System.Reflection.MonoMethod:InternalInvoke (object,object[],System.Exception&)
at System.Reflection.MonoMethod.Invoke (System.Object obj, BindingFlags invokeAttr, System.Reflection.Binder binder, System.Object[] parameters, System.Globalization.CultureInfo culture) [0x000b4] in /.root0/local/home/ykiruha/optimized-mono/mcs/class/corlib/System.Reflection/MonoMethod.cs:169
]]></stack-trace>
                            </failure>
                          </test-case>
                        </results>
                      </test-suite>
                      <test-suite name="FbCommandBuilderTest" success="False" time="4.130" asserts="0">
                        <results>
                          <test-case name="FirebirdSql.Data.Firebird.Tests.FbCommandBuilderTest.CommandBuilderWithExpressionFieldTest" executed="True" success="False" time="0.014" asserts="0">
                            <failure>
                              <message><![CDATA[System.ArgumentNullException : Argument cannot be null.
Parameter name: s
TearDown : System.Reflection.TargetInvocationException : Exception has been thrown by the target of an invocation.
  ----> System.NullReferenceException : Object reference not set to an instance of an object]]></message>
                              <stack-trace><![CDATA[at System.Int32.Parse (System.String s) [0x00014] in /.root0/local/home/ykiruha/optimized-mono/mcs/class/corlib/System/Int32.cs:588
at FirebirdSql.Data.Firebird.Tests.BaseTest.BuildConnectionString (Boolean pooling) [0x0005a] in /.root0/local/home/ykiruha/optimized-mono/mcs/class/FirebirdSql.Data.Firebird/Test/BaseTest.cs:383
at FirebirdSql.Data.Firebird.Tests.BaseTest.BuildConnectionString () [0x00000] in /.root0/local/home/ykiruha/optimized-mono/mcs/class/FirebirdSql.Data.Firebird/Test/BaseTest.cs:372
at FirebirdSql.Data.Firebird.Tests.BaseTest.SetUp () [0x00000]
at FirebirdSql.Data.Firebird.Tests.FbCommandBuilderTest.SetUp () [0x00000] in /.root0/local/home/ykiruha/optimized-mono/mcs/class/FirebirdSql.Data.Firebird/Test/FbCommandBuilderTest.cs:38
at (wrapper managed-to-native) System.Reflection.MonoMethod:InternalInvoke (object,object[],System.Exception&)
at System.Reflection.MonoMethod.Invoke (System.Object obj, BindingFlags invokeAttr, System.Reflection.Binder binder, System.Object[] parameters, System.Globalization.CultureInfo culture) [0x000b4] in /.root0/local/home/ykiruha/optimized-mono/mcs/class/corlib/System.Reflection/MonoMethod.cs:169
--TearDown
at System.Reflection.MonoMethod.Invoke (System.Object obj, BindingFlags invokeAttr, System.Reflection.Binder binder, System.Object[] parameters, System.Globalization.CultureInfo culture) [0x000c7] in /.root0/local/home/ykiruha/optimized-mono/mcs/class/corlib/System.Reflection/MonoMethod.cs:179
at System.Reflection.MethodBase.Invoke (System.Object obj, System.Object[] parameters) [0x00000] in /.root0/local/home/ykiruha/optimized-mono/mcs/class/corlib/System.Reflection/MethodBase.cs:111
--NullReferenceException
at FirebirdSql.Data.Firebird.Tests.FbCommandBuilderTest.TearDown () [0x00000] in /.root0/local/home/ykiruha/optimized-mono/mcs/class/FirebirdSql.Data.Firebird/Test/FbCommandBuilderTest.cs:45
at (wrapper managed-to-native) System.Reflection.MonoMethod:InternalInvoke (object,object[],System.Exception&)
at System.Reflection.MonoMethod.Invoke (System.Object obj, BindingFlags invokeAttr, System.Reflection.Binder binder, System.Object[] parameters, System.Globalization.CultureInfo culture) [0x000b4] in /.root0/local/home/ykiruha/optimized-mono/mcs/class/corlib/System.Reflection/MonoMethod.cs:169
]]></stack-trace>
                            </failure>
                          </test-case>
                          <test-case name="FirebirdSql.Data.Firebird.Tests.FbCommandBuilderTest.DeriveParameters" executed="True" success="False" time="0.006" asserts="0">
                            <failure>
                              <message><![CDATA[System.ArgumentNullException : Argument cannot be null.
Parameter name: s
TearDown : System.Reflection.TargetInvocationException : Exception has been thrown by the target of an invocation.
  ----> System.NullReferenceException : Object reference not set to an instance of an object]]></message>
                              <stack-trace><![CDATA[at System.Int32.Parse (System.String s) [0x00014] in /.root0/local/home/ykiruha/optimized-mono/mcs/class/corlib/System/Int32.cs:588
at FirebirdSql.Data.Firebird.Tests.BaseTest.BuildConnectionString (Boolean pooling) [0x0005a] in /.root0/local/home/ykiruha/optimized-mono/mcs/class/FirebirdSql.Data.Firebird/Test/BaseTest.cs:383
at FirebirdSql.Data.Firebird.Tests.BaseTest.BuildConnectionString () [0x00000] in /.root0/local/home/ykiruha/optimized-mono/mcs/class/FirebirdSql.Data.Firebird/Test/BaseTest.cs:372
at FirebirdSql.Data.Firebird.Tests.BaseTest.SetUp () [0x00000]
at FirebirdSql.Data.Firebird.Tests.FbCommandBuilderTest.SetUp () [0x00000] in /.root0/local/home/ykiruha/optimized-mono/mcs/class/FirebirdSql.Data.Firebird/Test/FbCommandBuilderTest.cs:38
at (wrapper managed-to-native) System.Reflection.MonoMethod:InternalInvoke (object,object[],System.Exception&)
at System.Reflection.MonoMethod.Invoke (System.Object obj, BindingFlags invokeAttr, System.Reflection.Binder binder, System.Object[] parameters, System.Globalization.CultureInfo culture) [0x000b4] in /.root0/local/home/ykiruha/optimized-mono/mcs/class/corlib/System.Reflection/MonoMethod.cs:169
--TearDown
at System.Reflection.MonoMethod.Invoke (System.Object obj, BindingFlags invokeAttr, System.Reflection.Binder binder, System.Object[] parameters, System.Globalization.CultureInfo culture) [0x000c7] in /.root0/local/home/ykiruha/optimized-mono/mcs/class/corlib/System.Reflection/MonoMethod.cs:179
at System.Reflection.MethodBase.Invoke (System.Object obj, System.Object[] parameters) [0x00000] in /.root0/local/home/ykiruha/optimized-mono/mcs/class/corlib/System.Reflection/MethodBase.cs:111
--NullReferenceException
at FirebirdSql.Data.Firebird.Tests.FbCommandBuilderTest.TearDown () [0x00000] in /.root0/local/home/ykiruha/optimized-mono/mcs/class/FirebirdSql.Data.Firebird/Test/FbCommandBuilderTest.cs:45
at (wrapper managed-to-native) System.Reflection.MonoMethod:InternalInvoke (object,object[],System.Exception&)
at System.Reflection.MonoMethod.Invoke (System.Object obj, BindingFlags invokeAttr, System.Reflection.Binder binder, System.Object[] parameters, System.Globalization.CultureInfo culture) [0x000b4] in /.root0/local/home/ykiruha/optimized-mono/mcs/class/corlib/System.Reflection/MonoMethod.cs:169
]]></stack-trace>
                            </failure>
                          </test-case>
                          <test-case name="FirebirdSql.Data.Firebird.Tests.FbCommandBuilderTest.DeriveParameters2" executed="True" success="False" time="0.007" asserts="0">
[...]
                        <results>
                          <test-case name="FirebirdSql.Data.Firebird.Tests.FbTransactionTest.AbortTransaction" executed="True" success="False" time="0.005" asserts="0">
                            <failure>
                              <message><![CDATA[System.ArgumentNullException : Argument cannot be null.
Parameter name: s
TearDown : System.Reflection.TargetInvocationException : Exception has been thrown by the target of an invocation.
  ----> System.NullReferenceException : Object reference not set to an instance of an object]]></message>
                              <stack-trace><![CDATA[at System.Int32.Parse (System.String s) [0x00014] in /.root0/local/home/ykiruha/optimized-mono/mcs/class/corlib/System/Int32.cs:588
at FirebirdSql.Data.Firebird.Tests.BaseTest.BuildConnectionString (Boolean pooling) [0x0005a] in /.root0/local/home/ykiruha/optimized-mono/mcs/class/FirebirdSql.Data.Firebird/Test/BaseTest.cs:383
at FirebirdSql.Data.Firebird.Tests.BaseTest.BuildConnectionString () [0x00000] in /.root0/local/home/ykiruha/optimized-mono/mcs/class/FirebirdSql.Data.Firebird/Test/BaseTest.cs:372
at FirebirdSql.Data.Firebird.Tests.BaseTest.SetUp () [0x00000]
at (wrapper managed-to-native) System.Reflection.MonoMethod:InternalInvoke (object,object[],System.Exception&)
at System.Reflection.MonoMethod.Invoke (System.Object obj, BindingFlags invokeAttr, System.Reflection.Binder binder, System.Object[] parameters, System.Globalization.CultureInfo culture) [0x000b4] in /.root0/local/home/ykiruha/optimized-mono/mcs/class/corlib/System.Reflection/MonoMethod.cs:169
--TearDown
at System.Reflection.MonoMethod.Invoke (System.Object obj, BindingFlags invokeAttr, System.Reflection.Binder binder, System.Object[] parameters, System.Globalization.CultureInfo culture) [0x000c7] in /.root0/local/home/ykiruha/optimized-mono/mcs/class/corlib/System.Reflection/MonoMethod.cs:179
at System.Reflection.MethodBase.Invoke (System.Object obj, System.Object[] parameters) [0x00000] in /.root0/local/home/ykiruha/optimized-mono/mcs/class/corlib/System.Reflection/MethodBase.cs:111
--NullReferenceException
at FirebirdSql.Data.Firebird.Tests.BaseTest.TearDown () [0x00021] in /.root0/local/home/ykiruha/optimized-mono/mcs/class/FirebirdSql.Data.Firebird/Test/BaseTest.cs:102
at (wrapper managed-to-native) System.Reflection.MonoMethod:InternalInvoke (object,object[],System.Exception&)
at System.Reflection.MonoMethod.Invoke (System.Object obj, BindingFlags invokeAttr, System.Reflection.Binder binder, System.Object[] parameters, System.Globalization.CultureInfo culture) [0x000b4] in /.root0/local/home/ykiruha/optimized-mono/mcs/class/corlib/System.Reflection/MonoMethod.cs:169
]]></stack-trace>
                            </failure>
                          </test-case>
                          <test-case name="FirebirdSql.Data.Firebird.Tests.FbTransactionTest.CommitTest" executed="True" success="False" time="0.006" asserts="0">
                            <failure>
                              <message><![CDATA[System.ArgumentNullException : Argument cannot be null.
Parameter name: s
TearDown : System.Reflection.TargetInvocationException : Exception has been thrown by the target of an invocation.
  ----> System.NullReferenceException : Object reference not set to an instance of an object]]></message>
                              <stack-trace><![CDATA[at System.Int32.Parse (System.String s) [0x00014] in /.root0/local/home/ykiruha/optimized-mono/mcs/class/corlib/System/Int32.cs:588
at FirebirdSql.Data.Firebird.Tests.BaseTest.BuildConnectionString (Boolean pooling) [0x0005a] in /.root0/local/home/ykiruha/optimized-mono/mcs/class/FirebirdSql.Data.Firebird/Test/BaseTest.cs:383
at FirebirdSql.Data.Firebird.Tests.BaseTest.BuildConnectionString () [0x00000] in /.root0/local/home/ykiruha/optimized-mono/mcs/class/FirebirdSql.Data.Firebird/Test/BaseTest.cs:372
at FirebirdSql.Data.Firebird.Tests.BaseTest.SetUp () [0x00000]
at (wrapper managed-to-native) System.Reflection.MonoMethod:InternalInvoke (object,object[],System.Exception&)
at System.Reflection.MonoMethod.Invoke (System.Object obj, BindingFlags invokeAttr, System.Reflection.Binder binder, System.Object[] parameters, System.Globalization.CultureInfo culture) [0x000b4] in /.root0/local/home/ykiruha/optimized-mono/mcs/class/corlib/System.Reflection/MonoMethod.cs:169
--TearDown
at System.Reflection.MonoMethod.Invoke (System.Object obj, BindingFlags invokeAttr, System.Reflection.Binder binder, System.Object[] parameters, System.Globalization.CultureInfo culture) [0x000c7] in /.root0/local/home/ykiruha/optimized-mono/mcs/class/corlib/System.Reflection/MonoMethod.cs:179
at System.Reflection.MethodBase.Invoke (System.Object obj, System.Object[] parameters) [0x00000] in /.root0/local/home/ykiruha/optimized-mono/mcs/class/corlib/System.Reflection/MethodBase.cs:111
--NullReferenceException
at FirebirdSql.Data.Firebird.Tests.BaseTest.TearDown () [0x00021] in /.root0/local/home/ykiruha/optimized-mono/mcs/class/FirebirdSql.Data.Firebird/Test/BaseTest.cs:102
at (wrapper managed-to-native) System.Reflection.MonoMethod:InternalInvoke (object,object[],System.Exception&)
at System.Reflection.MonoMethod.Invoke (System.Object obj, BindingFlags invokeAttr, System.Reflection.Binder binder, System.Object[] parameters, System.Globalization.CultureInfo culture) [0x000b4] in /.root0/local/home/ykiruha/optimized-mono/mcs/class/corlib/System.Reflection/MonoMethod.cs:169
]]></stack-trace>
                            </failure>
                          </test-case>
                          <test-case name="FirebirdSql.Data.Firebird.Tests.FbTransactionTest.DisposeTest" executed="True" success="False" time="0.005" asserts="0">
                            <failure>
                              <message><![CDATA[System.ArgumentNullException : Argument cannot be null.
Parameter name: s
TearDown : System.Reflection.TargetInvocationException : Exception has been thrown by the target of an invocation.
  ----> System.NullReferenceException : Object reference not set to an instance of an object]]></message>
                              <stack-trace><![CDATA[at System.Int32.Parse (System.String s) [0x00014] in /.root0/local/home/ykiruha/optimized-mono/mcs/class/corlib/System/Int32.cs:588
at FirebirdSql.Data.Firebird.Tests.BaseTest.BuildConnectionString (Boolean pooling) [0x0005a] in /.root0/local/home/ykiruha/optimized-mono/mcs/class/FirebirdSql.Data.Firebird/Test/BaseTest.cs:383
at FirebirdSql.Data.Firebird.Tests.BaseTest.BuildConnectionString () [0x00000] in /.root0/local/home/ykiruha/optimized-mono/mcs/class/FirebirdSql.Data.Firebird/Test/BaseTest.cs:372
at FirebirdSql.Data.Firebird.Tests.BaseTest.SetUp () [0x00000]
at (wrapper managed-to-native) System.Reflection.MonoMethod:InternalInvoke (object,object[],System.Exception&)
at System.Reflection.MonoMethod.Invoke (System.Object obj, BindingFlags invokeAttr, System.Reflection.Binder binder, System.Object[] parameters, System.Globalization.CultureInfo culture) [0x000b4] in /.root0/local/home/ykiruha/optimized-mono/mcs/class/corlib/System.Reflection/MonoMethod.cs:169
--TearDown
at System.Reflection.MonoMethod.Invoke (System.Object obj, BindingFlags invokeAttr, System.Reflection.Binder binder, System.Object[] parameters, System.Globalization.CultureInfo culture) [0x000c7] in /.root0/local/home/ykiruha/optimized-mono/mcs/class/corlib/System.Reflection/MonoMethod.cs:179
at System.Reflection.MethodBase.Invoke (System.Object obj, System.Object[] parameters) [0x00000] in /.root0/local/home/ykiruha/optimized-mono/mcs/class/corlib/System.Reflection/MethodBase.cs:111
--NullReferenceException
at FirebirdSql.Data.Firebird.Tests.BaseTest.TearDown () [0x00021] in /.root0/local/home/ykiruha/optimized-mono/mcs/class/FirebirdSql.Data.Firebird/Test/BaseTest.cs:102
at (wrapper managed-to-native) System.Reflection.MonoMethod:InternalInvoke (object,object[],System.Exception&)
at System.Reflection.MonoMethod.Invoke (System.Object obj, BindingFlags invokeAttr, System.Reflection.Binder binder, System.Object[] parameters, System.Globalization.CultureInfo culture) [0x000b4] in /.root0/local/home/ykiruha/optimized-mono/mcs/class/corlib/System.Reflection/MonoMethod.cs:169
]]></stack-trace>
                            </failure>
                          </test-case>
                          <test-case name="FirebirdSql.Data.Firebird.Tests.FbTransactionTest.RollbackTest" executed="True" success="False" time="0.005" asserts="0">
                            <failure>
                              <message><![CDATA[System.ArgumentNullException : Argument cannot be null.
Parameter name: s
TearDown : System.Reflection.TargetInvocationException : Exception has been thrown by the target of an invocation.
  ----> System.NullReferenceException : Object reference not set to an instance of an object]]></message>
                              <stack-trace><![CDATA[at System.Int32.Parse (System.String s) [0x00014] in /.root0/local/home/ykiruha/optimized-mono/mcs/class/corlib/System/Int32.cs:588
at FirebirdSql.Data.Firebird.Tests.BaseTest.BuildConnectionString (Boolean pooling) [0x0005a] in /.root0/local/home/ykiruha/optimized-mono/mcs/class/FirebirdSql.Data.Firebird/Test/BaseTest.cs:383
at FirebirdSql.Data.Firebird.Tests.BaseTest.BuildConnectionString () [0x00000] in /.root0/local/home/ykiruha/optimized-mono/mcs/class/FirebirdSql.Data.Firebird/Test/BaseTest.cs:372
at FirebirdSql.Data.Firebird.Tests.BaseTest.SetUp () [0x00000]
at (wrapper managed-to-native) System.Reflection.MonoMethod:InternalInvoke (object,object[],System.Exception&)
at System.Reflection.MonoMethod.Invoke (System.Object obj, BindingFlags invokeAttr, System.Reflection.Binder binder, System.Object[] parameters, System.Globalization.CultureInfo culture) [0x000b4] in /.root0/local/home/ykiruha/optimized-mono/mcs/class/corlib/System.Reflection/MonoMethod.cs:169
--TearDown
at System.Reflection.MonoMethod.Invoke (System.Object obj, BindingFlags invokeAttr, System.Reflection.Binder binder, System.Object[] parameters, System.Globalization.CultureInfo culture) [0x000c7] in /.root0/local/home/ykiruha/optimized-mono/mcs/class/corlib/System.Reflection/MonoMethod.cs:179
at System.Reflection.MethodBase.Invoke (System.Object obj, System.Object[] parameters) [0x00000] in /.root0/local/home/ykiruha/optimized-mono/mcs/class/corlib/System.Reflection/MethodBase.cs:111
--NullReferenceException
at FirebirdSql.Data.Firebird.Tests.BaseTest.TearDown () [0x00021] in /.root0/local/home/ykiruha/optimized-mono/mcs/class/FirebirdSql.Data.Firebird/Test/BaseTest.cs:102
at (wrapper managed-to-native) System.Reflection.MonoMethod:InternalInvoke (object,object[],System.Exception&)
at System.Reflection.MonoMethod.Invoke (System.Object obj, BindingFlags invokeAttr, System.Reflection.Binder binder, System.Object[] parameters, System.Globalization.CultureInfo culture) [0x000b4] in /.root0/local/home/ykiruha/optimized-mono/mcs/class/corlib/System.Reflection/MonoMethod.cs:169
]]></stack-trace>
                            </failure>
                          </test-case>
                          <test-case name="FirebirdSql.Data.Firebird.Tests.FbTransactionTest.SavePointTest" executed="True" success="False" time="0.005" asserts="0">
                            <failure>
                              <message><![CDATA[System.ArgumentNullException : Argument cannot be null.
Parameter name: s
TearDown : System.Reflection.TargetInvocationException : Exception has been thrown by the target of an invocation.
  ----> System.NullReferenceException : Object reference not set to an instance of an object]]></message>
                              <stack-trace><![CDATA[at System.Int32.Parse (System.String s) [0x00014] in /.root0/local/home/ykiruha/optimized-mono/mcs/class/corlib/System/Int32.cs:588
at FirebirdSql.Data.Firebird.Tests.BaseTest.BuildConnectionString (Boolean pooling) [0x0005a] in /.root0/local/home/ykiruha/optimized-mono/mcs/class/FirebirdSql.Data.Firebird/Test/BaseTest.cs:383
at FirebirdSql.Data.Firebird.Tests.BaseTest.BuildConnectionString () [0x00000] in /.root0/local/home/ykiruha/optimized-mono/mcs/class/FirebirdSql.Data.Firebird/Test/BaseTest.cs:372
at FirebirdSql.Data.Firebird.Tests.BaseTest.SetUp () [0x00000]
at (wrapper managed-to-native) System.Reflection.MonoMethod:InternalInvoke (object,object[],System.Exception&)
at System.Reflection.MonoMethod.Invoke (System.Object obj, BindingFlags invokeAttr, System.Reflection.Binder binder, System.Object[] parameters, System.Globalization.CultureInfo culture) [0x000b4] in /.root0/local/home/ykiruha/optimized-mono/mcs/class/corlib/System.Reflection/MonoMethod.cs:169
--TearDown
at System.Reflection.MonoMethod.Invoke (System.Object obj, BindingFlags invokeAttr, System.Reflection.Binder binder, System.Object[] parameters, System.Globalization.CultureInfo culture) [0x000c7] in /.root0/local/home/ykiruha/optimized-mono/mcs/class/corlib/System.Reflection/MonoMethod.cs:179
at System.Reflection.MethodBase.Invoke (System.Object obj, System.Object[] parameters) [0x00000] in /.root0/local/home/ykiruha/optimized-mono/mcs/class/corlib/System.Reflection/MethodBase.cs:111
--NullReferenceException
at FirebirdSql.Data.Firebird.Tests.BaseTest.TearDown () [0x00021] in /.root0/local/home/ykiruha/optimized-mono/mcs/class/FirebirdSql.Data.Firebird/Test/BaseTest.cs:102
at (wrapper managed-to-native) System.Reflection.MonoMethod:InternalInvoke (object,object[],System.Exception&)
at System.Reflection.MonoMethod.Invoke (System.Object obj, BindingFlags invokeAttr, System.Reflection.Binder binder, System.Object[] parameters, System.Globalization.CultureInfo culture) [0x000b4] in /.root0/local/home/ykiruha/optimized-mono/mcs/class/corlib/System.Reflection/MonoMethod.cs:169
]]></stack-trace>
                            </failure>
                          </test-case>
                        </results>
                      </test-suite>
                      <test-suite name="GuidTest" success="False" time="0.535" asserts="0">
                        <results>
                          <test-case name="FirebirdSql.Data.Firebird.Tests.GuidTest.InsertGuidTest" executed="True" success="False" time="0.005" asserts="0">
                            <failure>
                              <message><![CDATA[System.ArgumentNullException : Argument cannot be null.
Parameter name: s
TearDown : System.Reflection.TargetInvocationException : Exception has been thrown by the target of an invocation.
  ----> System.NullReferenceException : Object reference not set to an instance of an object]]></message>
                              <stack-trace><![CDATA[at System.Int32.Parse (System.String s) [0x00014] in /.root0/local/home/ykiruha/optimized-mono/mcs/class/corlib/System/Int32.cs:588
at FirebirdSql.Data.Firebird.Tests.BaseTest.BuildConnectionString (Boolean pooling) [0x0005a] in /.root0/local/home/ykiruha/optimized-mono/mcs/class/FirebirdSql.Data.Firebird/Test/BaseTest.cs:383
at FirebirdSql.Data.Firebird.Tests.BaseTest.BuildConnectionString () [0x00000] in /.root0/local/home/ykiruha/optimized-mono/mcs/class/FirebirdSql.Data.Firebird/Test/BaseTest.cs:372
at FirebirdSql.Data.Firebird.Tests.BaseTest.SetUp () [0x00000]
at (wrapper managed-to-native) System.Reflection.MonoMethod:InternalInvoke (object,object[],System.Exception&)
at System.Reflection.MonoMethod.Invoke (System.Object obj, BindingFlags invokeAttr, System.Reflection.Binder binder, System.Object[] parameters, System.Globalization.CultureInfo culture) [0x000b4] in /.root0/local/home/ykiruha/optimized-mono/mcs/class/corlib/System.Reflection/MonoMethod.cs:169
--TearDown
at System.Reflection.MonoMethod.Invoke (System.Object obj, BindingFlags invokeAttr, System.Reflection.Binder binder, System.Object[] parameters, System.Globalization.CultureInfo culture) [0x000c7] in /.root0/local/home/ykiruha/optimized-mono/mcs/class/corlib/System.Reflection/MonoMethod.cs:179
at System.Reflection.MethodBase.Invoke (System.Object obj, System.Object[] parameters) [0x00000] in /.root0/local/home/ykiruha/optimized-mono/mcs/class/corlib/System.Reflection/MethodBase.cs:111
--NullReferenceException
at FirebirdSql.Data.Firebird.Tests.BaseTest.TearDown () [0x00021] in /.root0/local/home/ykiruha/optimized-mono/mcs/class/FirebirdSql.Data.Firebird/Test/BaseTest.cs:102
at (wrapper managed-to-native) System.Reflection.MonoMethod:InternalInvoke (object,object[],System.Exception&)
at System.Reflection.MonoMethod.Invoke (System.Object obj, BindingFlags invokeAttr, System.Reflection.Binder binder, System.Object[] parameters, System.Globalization.CultureInfo culture) [0x000b4] in /.root0/local/home/ykiruha/optimized-mono/mcs/class/corlib/System.Reflection/MonoMethod.cs:169
]]></stack-trace>
                            </failure>
                          </test-case>
                          <test-case name="FirebirdSql.Data.Firebird.Tests.GuidTest.InsertNullGuidTest" executed="True" success="False" time="0.005" asserts="0">
                            <failure>
                              <message><![CDATA[System.ArgumentNullException : Argument cannot be null.
Parameter name: s
TearDown : System.Reflection.TargetInvocationException : Exception has been thrown by the target of an invocation.
  ----> System.NullReferenceException : Object reference not set to an instance of an object]]></message>
                              <stack-trace><![CDATA[at System.Int32.Parse (System.String s) [0x00014] in /.root0/local/home/ykiruha/optimized-mono/mcs/class/corlib/System/Int32.cs:588
at FirebirdSql.Data.Firebird.Tests.BaseTest.BuildConnectionString (Boolean pooling) [0x0005a] in /.root0/local/home/ykiruha/optimized-mono/mcs/class/FirebirdSql.Data.Firebird/Test/BaseTest.cs:383
at FirebirdSql.Data.Firebird.Tests.BaseTest.BuildConnectionString () [0x00000] in /.root0/local/home/ykiruha/optimized-mono/mcs/class/FirebirdSql.Data.Firebird/Test/BaseTest.cs:372
at FirebirdSql.Data.Firebird.Tests.BaseTest.SetUp () [0x00000]
at (wrapper managed-to-native) System.Reflection.MonoMethod:InternalInvoke (object,object[],System.Exception&)
at System.Reflection.MonoMethod.Invoke (System.Object obj, BindingFlags invokeAttr, System.Reflection.Binder binder, System.Object[] parameters, System.Globalization.CultureInfo culture) [0x000b4] in /.root0/local/home/ykiruha/optimized-mono/mcs/class/corlib/System.Reflection/MonoMethod.cs:169
--TearDown
at System.Reflection.MonoMethod.Invoke (System.Object obj, BindingFlags invokeAttr, System.Reflection.Binder binder, System.Object[] parameters, System.Globalization.CultureInfo culture) [0x000c7] in /.root0/local/home/ykiruha/optimized-mono/mcs/class/corlib/System.Reflection/MonoMethod.cs:179
at System.Reflection.MethodBase.Invoke (System.Object obj, System.Object[] parameters) [0x00000] in /.root0/local/home/ykiruha/optimized-mono/mcs/class/corlib/System.Reflection/MethodBase.cs:111
--NullReferenceException
at FirebirdSql.Data.Firebird.Tests.BaseTest.TearDown () [0x00021] in /.root0/local/home/ykiruha/optimized-mono/mcs/class/FirebirdSql.Data.Firebird/Test/BaseTest.cs:102
at (wrapper managed-to-native) System.Reflection.MonoMethod:InternalInvoke (object,object[],System.Exception&)
at System.Reflection.MonoMethod.Invoke (System.Object obj, BindingFlags invokeAttr, System.Reflection.Binder binder, System.Object[] parameters, System.Globalization.CultureInfo culture) [0x000b4] in /.root0/local/home/ykiruha/optimized-mono/mcs/class/corlib/System.Reflection/MonoMethod.cs:169
]]></stack-trace>
                            </failure>
                          </test-case>
                        </results>
                      </test-suite>
                    </results>
                  </test-suite>
                </results>
              </test-suite>
            </results>
          </test-suite>
        </results>
      </test-suite>
    </results>
  </test-suite>
</test-results>